

Microchip Technology PIC18 LITE Macro Assembler V1.36 build -262312587 
                                                                                               Wed Dec 19 09:46:07 2018

Microchip Technology Omniscient Code Generator v1.36 (Free mode) build 201601150325
     1                           	processor	18F4580
     2                           	fnconf	rparam,??,?,0
     3                           	opt	pw 120
     4                           	opt	lm
     5                           	psect	cinit,global,reloc=2,class=CODE,delta=1
     6                           	psect	bssCOMRAM,global,class=COMRAM,space=1,delta=1
     7                           	psect	cstackCOMRAM,global,class=COMRAM,space=1,delta=1
     8                           	psect	text0,global,reloc=2,class=CODE,delta=1
     9                           	psect	text1,global,reloc=2,class=CODE,delta=1
    10                           	psect	text2,global,reloc=2,class=CODE,delta=1
    11                           	psect	intcode,global,reloc=2,class=CODE,delta=1
    12                           	psect	intcode_body,global,reloc=2,class=CODE,delta=1
    13                           	psect	intsave_regs,global,class=BIGRAM,space=1,delta=1
    14                           	psect	rparam,global,class=COMRAM,space=1,delta=1
    15                           	psect	temp,global,ovrld,common,class=COMRAM,space=1,delta=1
    16  0000                     _TMR0	set	4054
    17  0000                     _ADCON1	set	4033
    18  0000                     _PORTB	set	3969
    19  0000                     _TRISB	set	3987
    20  0000                     _GIE	set	32663
    21  0000                     _RB0	set	31752
    22  0000                     _T0CS	set	32429
    23  0000                     _T0IF	set	32658
    24  0000                     _TMR0IE	set	32661
    25  0000                     _TMR0IF	set	32658
    26                           
    27                           ; #config settings
    28  0000                     
    29                           	psect	cinit
    30  0000E2                     __pcinit:
    31                           	opt stack 0
    32  0000E2                     start_initialization:
    33                           	opt stack 0
    34  0000E2                     __initialization:
    35                           	opt stack 0
    36                           
    37                           ; Clear objects allocated to COMRAM (2 bytes)
    38  0000E2  6A10               	clrf	(__pbssCOMRAM+1)& (0+255),c
    39  0000E4  6A0F               	clrf	__pbssCOMRAM& (0+255),c
    40  0000E6                     end_of_initialization:
    41                           	opt stack 0
    42  0000E6                     __end_of__initialization:
    43                           	opt stack 0
    44  0000E6  9011               	bcf	int$flags,0,c	;clear compiler interrupt flag (level 1)
    45  0000E8  9211               	bcf	int$flags,1,c	;clear compiler interrupt flag (level 2)
    46  0000EA  0100               	movlb	0
    47  0000EC  EF78  F000         	goto	_main	;jump to C main() function
    48                           
    49                           	psect	bssCOMRAM
    50  00000F                     __pbssCOMRAM:
    51                           	opt stack 0
    52  00000F                     isr@count:
    53                           	opt stack 0
    54  00000F                     	ds	2
    55                           
    56                           	psect	cstackCOMRAM
    57  000001                     __pcstackCOMRAM:
    58                           	opt stack 0
    59  000001                     ??_isr:
    60  000001                     
    61                           ; 1 bytes @ 0x0
    62  000001                     	ds	14
    63  00000F                     
    64                           ; 1 bytes @ 0xE
    65 ;;
    66 ;;Main: autosize = 0, tempsize = 0, incstack = 0, save=0
    67 ;;
    68 ;; *************** function _main *****************
    69 ;; Defined at:
    70 ;;		line 22 in file "main.c"
    71 ;; Parameters:    Size  Location     Type
    72 ;;		None
    73 ;; Auto vars:     Size  Location     Type
    74 ;;		None
    75 ;; Return value:  Size  Location     Type
    76 ;;                  1    wreg      void 
    77 ;; Registers used:
    78 ;;		wreg, status,2, cstack
    79 ;; Tracked objects:
    80 ;;		On entry : 0/0
    81 ;;		On exit  : 0/0
    82 ;;		Unchanged: 0/0
    83 ;; Data sizes:     COMRAM   BANK0   BANK1   BANK2   BANK3   BANK4   BANK5
    84 ;;      Params:         0       0       0       0       0       0       0
    85 ;;      Locals:         0       0       0       0       0       0       0
    86 ;;      Temps:          0       0       0       0       0       0       0
    87 ;;      Totals:         0       0       0       0       0       0       0
    88 ;;Total ram usage:        0 bytes
    89 ;; Hardware stack levels required when called:    3
    90 ;; This function calls:
    91 ;;		_init_config
    92 ;; This function is called by:
    93 ;;		Startup code after reset
    94 ;; This function uses a non-reentrant model
    95 ;;
    96                           
    97                           	psect	text0
    98  0000F0                     __ptext0:
    99                           	opt stack 0
   100  0000F0                     _main:
   101                           	opt stack 28
   102                           
   103                           ;main.c: 24: init_config();
   104                           
   105                           ;incstack = 0
   106  0000F0  EC5F  F000         	call	_init_config	;wreg free
   107  0000F4                     l29:
   108                           
   109                           ;main.c: 27: {
   110                           ;main.c: 28: ;
   111  0000F4  D7FF               	goto	l29
   112  0000F6                     __end_of_main:
   113                           	opt stack 0
   114                           
   115 ;; *************** function _init_config *****************
   116 ;; Defined at:
   117 ;;		line 5 in file "main.c"
   118 ;; Parameters:    Size  Location     Type
   119 ;;		None
   120 ;; Auto vars:     Size  Location     Type
   121 ;;		None
   122 ;; Return value:  Size  Location     Type
   123 ;;                  1    wreg      void 
   124 ;; Registers used:
   125 ;;		wreg, status,2, cstack
   126 ;; Tracked objects:
   127 ;;		On entry : 0/0
   128 ;;		On exit  : 0/0
   129 ;;		Unchanged: 0/0
   130 ;; Data sizes:     COMRAM   BANK0   BANK1   BANK2   BANK3   BANK4   BANK5
   131 ;;      Params:         0       0       0       0       0       0       0
   132 ;;      Locals:         0       0       0       0       0       0       0
   133 ;;      Temps:          0       0       0       0       0       0       0
   134 ;;      Totals:         0       0       0       0       0       0       0
   135 ;;Total ram usage:        0 bytes
   136 ;; Hardware stack levels used:    1
   137 ;; Hardware stack levels required when called:    2
   138 ;; This function calls:
   139 ;;		_init_timer0
   140 ;; This function is called by:
   141 ;;		_main
   142 ;; This function uses a non-reentrant model
   143 ;;
   144                           
   145                           	psect	text1
   146  0000BE                     __ptext1:
   147                           	opt stack 0
   148  0000BE                     _init_config:
   149                           	opt stack 28
   150                           
   151                           ;main.c: 8: PORTB = 0x00;
   152                           
   153                           ;incstack = 0
   154  0000BE  0E00               	movlw	0
   155  0000C0  6E81               	movwf	3969,c	;volatile
   156                           
   157                           ;main.c: 11: TRISB = 0x00;
   158  0000C2  0E00               	movlw	0
   159  0000C4  6E93               	movwf	3987,c	;volatile
   160                           
   161                           ;main.c: 14: ADCON1 = 0x0E;
   162  0000C6  0E0E               	movlw	14
   163  0000C8  6EC1               	movwf	4033,c	;volatile
   164                           
   165                           ;main.c: 16: init_timer0();
   166  0000CA  EC69  F000         	call	_init_timer0	;wreg free
   167                           
   168                           ;main.c: 19: GIE = 1;
   169  0000CE  8EF2               	bsf	intcon,7,c	;volatile
   170  0000D0  0012               	return		;funcret
   171  0000D2                     __end_of_init_config:
   172                           	opt stack 0
   173                           intcon	equ	0xFF2
   174                           
   175 ;; *************** function _init_timer0 *****************
   176 ;; Defined at:
   177 ;;		line 4 in file "timer0.c"
   178 ;; Parameters:    Size  Location     Type
   179 ;;		None
   180 ;; Auto vars:     Size  Location     Type
   181 ;;		None
   182 ;; Return value:  Size  Location     Type
   183 ;;                  1    wreg      void 
   184 ;; Registers used:
   185 ;;		wreg, status,2
   186 ;; Tracked objects:
   187 ;;		On entry : 0/0
   188 ;;		On exit  : 0/0
   189 ;;		Unchanged: 0/0
   190 ;; Data sizes:     COMRAM   BANK0   BANK1   BANK2   BANK3   BANK4   BANK5
   191 ;;      Params:         0       0       0       0       0       0       0
   192 ;;      Locals:         0       0       0       0       0       0       0
   193 ;;      Temps:          0       0       0       0       0       0       0
   194 ;;      Totals:         0       0       0       0       0       0       0
   195 ;;Total ram usage:        0 bytes
   196 ;; Hardware stack levels used:    1
   197 ;; Hardware stack levels required when called:    1
   198 ;; This function calls:
   199 ;;		Nothing
   200 ;; This function is called by:
   201 ;;		_init_config
   202 ;; This function uses a non-reentrant model
   203 ;;
   204                           
   205                           	psect	text2
   206  0000D2                     __ptext2:
   207                           	opt stack 0
   208  0000D2                     _init_timer0:
   209                           	opt stack 28
   210                           
   211                           ;timer0.c: 10: T0CS = 0;
   212                           
   213                           ;incstack = 0
   214  0000D2  9AD5               	bcf	4053,5,c	;volatile
   215                           
   216                           ;timer0.c: 12: TMR0 = 6;
   217  0000D4  0E00               	movlw	0
   218  0000D6  6ED7               	movwf	4055,c	;volatile
   219  0000D8  0E06               	movlw	6
   220  0000DA  6ED6               	movwf	4054,c	;volatile
   221                           
   222                           ;timer0.c: 15: T0IF = 0;
   223  0000DC  94F2               	bcf	intcon,2,c	;volatile
   224                           
   225                           ;timer0.c: 18: TMR0IE = 1;
   226  0000DE  8AF2               	bsf	intcon,5,c	;volatile
   227  0000E0  0012               	return		;funcret
   228  0000E2                     __end_of_init_timer0:
   229                           	opt stack 0
   230                           intcon	equ	0xFF2
   231                           
   232 ;; *************** function _isr *****************
   233 ;; Defined at:
   234 ;;		line 3 in file "isr.c"
   235 ;; Parameters:    Size  Location     Type
   236 ;;		None
   237 ;; Auto vars:     Size  Location     Type
   238 ;;		None
   239 ;; Return value:  Size  Location     Type
   240 ;;                  1    wreg      void 
   241 ;; Registers used:
   242 ;;		wreg, status,2, status,0
   243 ;; Tracked objects:
   244 ;;		On entry : 0/0
   245 ;;		On exit  : 0/0
   246 ;;		Unchanged: 0/0
   247 ;; Data sizes:     COMRAM   BANK0   BANK1   BANK2   BANK3   BANK4   BANK5
   248 ;;      Params:         0       0       0       0       0       0       0
   249 ;;      Locals:         0       0       0       0       0       0       0
   250 ;;      Temps:         14       0       0       0       0       0       0
   251 ;;      Totals:        14       0       0       0       0       0       0
   252 ;;Total ram usage:       14 bytes
   253 ;; Hardware stack levels used:    1
   254 ;; This function calls:
   255 ;;		Nothing
   256 ;; This function is called by:
   257 ;;		Interrupt level 2
   258 ;; This function uses a non-reentrant model
   259 ;;
   260                           
   261                           	psect	intcode
   262  000008                     __pintcode:
   263                           	opt stack 0
   264  000008                     _isr:
   265                           	opt stack 28
   266                           
   267                           ;incstack = 0
   268  000008  8211               	bsf	btemp,1,c	;set compiler interrupt flag (level 2)
   269  00000A  CFFA F001          	movff	pclath,??_isr
   270  00000E  CFFB F002          	movff	pclatu,??_isr+1
   271  000012  ED0D  F000         	call	int_func,f	;refresh shadow registers
   272                           pclatu	equ	0xFFB
   273                           pclath	equ	0xFFA
   274                           intcon	equ	0xFF2
   275                           
   276                           	psect	intcode_body
   277  00001A                     __pintcode_body:
   278                           	opt stack 28
   279  00001A                     int_func:
   280                           	opt stack 28
   281  00001A  0006               	pop		; remove dummy address from shadow register refresh
   282  00001C  CFE9 F003          	movff	fsr0l,??_isr+2
   283  000020  CFEA F004          	movff	fsr0h,??_isr+3
   284  000024  CFE1 F005          	movff	fsr1l,??_isr+4
   285  000028  CFE2 F006          	movff	fsr1h,??_isr+5
   286  00002C  CFD9 F007          	movff	fsr2l,??_isr+6
   287  000030  CFDA F008          	movff	fsr2h,??_isr+7
   288  000034  CFF3 F009          	movff	prodl,??_isr+8
   289  000038  CFF4 F00A          	movff	prodh,??_isr+9
   290  00003C  CFF6 F00B          	movff	tblptrl,??_isr+10
   291  000040  CFF7 F00C          	movff	tblptrh,??_isr+11
   292  000044  CFF8 F00D          	movff	tblptru,??_isr+12
   293  000048  CFF5 F00E          	movff	tablat,??_isr+13
   294                           
   295                           ;isr.c: 5: static unsigned short count;
   296                           ;isr.c: 7: if (TMR0IF)
   297  00004C  A4F2               	btfss	intcon,2,c	;volatile
   298  00004E  D019               	goto	i2l13
   299                           
   300                           ;isr.c: 8: {
   301                           ;isr.c: 9: TMR0 = TMR0 + 8;
   302  000050  0E08               	movlw	8
   303  000052  24D6               	addwf	4054,w,c	;volatile
   304  000054  6ED6               	movwf	4054,c	;volatile
   305  000056  0E00               	movlw	0
   306  000058  20D7               	addwfc	4055,w,c	;volatile
   307  00005A  6ED7               	movwf	4055,c	;volatile
   308                           
   309                           ;isr.c: 11: if (count++ == 20000)
   310  00005C  4A0F               	infsnz	isr@count,f,c
   311  00005E  2A10               	incf	isr@count+1,f,c
   312  000060  0E21               	movlw	33
   313  000062  180F               	xorwf	isr@count,w,c
   314  000064  E10D               	bnz	i2l663
   315  000066  0E4E               	movlw	78
   316  000068  1810               	xorwf	isr@count+1,w,c
   317  00006A  A4D8               	btfss	status,2,c
   318  00006C  D009               	goto	i2l663
   319                           
   320                           ;isr.c: 12: {
   321                           ;isr.c: 13: count = 0;
   322  00006E  0E00               	movlw	0
   323  000070  6E10               	movwf	isr@count+1,c
   324  000072  0E00               	movlw	0
   325  000074  6E0F               	movwf	isr@count,c
   326                           
   327                           ;isr.c: 14: RB0 = !RB0;
   328  000076  B081               	btfsc	3969,0,c	;volatile
   329  000078  D002               	goto	i2u3_40
   330  00007A  8081               	bsf	3969,0,c	;volatile
   331  00007C  D001               	goto	i2l663
   332  00007E                     i2u3_40:
   333  00007E  9081               	bcf	3969,0,c	;volatile
   334  000080                     i2l663:
   335                           
   336                           ;isr.c: 15: }
   337                           ;isr.c: 17: TMR0IF = 0;
   338  000080  94F2               	bcf	intcon,2,c	;volatile
   339  000082                     i2l13:
   340  000082  C00E  FFF5         	movff	??_isr+13,tablat
   341  000086  C00D  FFF8         	movff	??_isr+12,tblptru
   342  00008A  C00C  FFF7         	movff	??_isr+11,tblptrh
   343  00008E  C00B  FFF6         	movff	??_isr+10,tblptrl
   344  000092  C00A  FFF4         	movff	??_isr+9,prodh
   345  000096  C009  FFF3         	movff	??_isr+8,prodl
   346  00009A  C008  FFDA         	movff	??_isr+7,fsr2h
   347  00009E  C007  FFD9         	movff	??_isr+6,fsr2l
   348  0000A2  C006  FFE2         	movff	??_isr+5,fsr1h
   349  0000A6  C005  FFE1         	movff	??_isr+4,fsr1l
   350  0000AA  C004  FFEA         	movff	??_isr+3,fsr0h
   351  0000AE  C003  FFE9         	movff	??_isr+2,fsr0l
   352  0000B2  C002  FFFB         	movff	??_isr+1,pclatu
   353  0000B6  C001  FFFA         	movff	??_isr,pclath
   354  0000BA  9211               	bcf	btemp,1,c	;clear compiler interrupt flag (level 2)
   355  0000BC  0011               	retfie		f
   356  0000BE                     __end_of_isr:
   357                           	opt stack 0
   358  0000                     pclatu	equ	0xFFB
   359                           pclath	equ	0xFFA
   360                           tblptru	equ	0xFF8
   361                           tblptrh	equ	0xFF7
   362                           tblptrl	equ	0xFF6
   363                           tablat	equ	0xFF5
   364                           prodh	equ	0xFF4
   365                           prodl	equ	0xFF3
   366                           intcon	equ	0xFF2
   367                           fsr0h	equ	0xFEA
   368                           fsr0l	equ	0xFE9
   369                           fsr1h	equ	0xFE2
   370                           fsr1l	equ	0xFE1
   371                           fsr2h	equ	0xFDA
   372                           fsr2l	equ	0xFD9
   373                           status	equ	0xFD8
   374                           pclatu	equ	0xFFB
   375                           pclath	equ	0xFFA
   376                           tblptru	equ	0xFF8
   377                           tblptrh	equ	0xFF7
   378                           tblptrl	equ	0xFF6
   379                           tablat	equ	0xFF5
   380                           prodh	equ	0xFF4
   381                           prodl	equ	0xFF3
   382                           intcon	equ	0xFF2
   383                           fsr0h	equ	0xFEA
   384                           fsr0l	equ	0xFE9
   385                           fsr1h	equ	0xFE2
   386                           fsr1l	equ	0xFE1
   387                           fsr2h	equ	0xFDA
   388                           fsr2l	equ	0xFD9
   389                           status	equ	0xFD8
   390                           
   391                           	psect	rparam
   392  0000                     pclatu	equ	0xFFB
   393                           pclath	equ	0xFFA
   394                           tblptru	equ	0xFF8
   395                           tblptrh	equ	0xFF7
   396                           tblptrl	equ	0xFF6
   397                           tablat	equ	0xFF5
   398                           prodh	equ	0xFF4
   399                           prodl	equ	0xFF3
   400                           intcon	equ	0xFF2
   401                           fsr0h	equ	0xFEA
   402                           fsr0l	equ	0xFE9
   403                           fsr1h	equ	0xFE2
   404                           fsr1l	equ	0xFE1
   405                           fsr2h	equ	0xFDA
   406                           fsr2l	equ	0xFD9
   407                           status	equ	0xFD8
   408                           
   409                           	psect	temp
   410  000011                     btemp:
   411                           	opt stack 0
   412  000011                     	ds	1
   413  0000                     int$flags	set	btemp
   414                           pclatu	equ	0xFFB
   415                           pclath	equ	0xFFA
   416                           tblptru	equ	0xFF8
   417                           tblptrh	equ	0xFF7
   418                           tblptrl	equ	0xFF6
   419                           tablat	equ	0xFF5
   420                           prodh	equ	0xFF4
   421                           prodl	equ	0xFF3
   422                           intcon	equ	0xFF2
   423                           fsr0h	equ	0xFEA
   424                           fsr0l	equ	0xFE9
   425                           fsr1h	equ	0xFE2
   426                           fsr1l	equ	0xFE1
   427                           fsr2h	equ	0xFDA
   428                           fsr2l	equ	0xFD9
   429                           status	equ	0xFD8


Data Sizes:
    Strings     0
    Constant    0
    Data        0
    BSS         2
    Persistent  0
    Stack       0

Auto Spaces:
    Space          Size  Autos    Used
    COMRAM           94     14      16
    BANK0           160      0       0
    BANK1           256      0       0
    BANK2           256      0       0
    BANK3           256      0       0
    BANK4           256      0       0
    BANK5           256      0       0

Pointer List with Targets:

    None.

Critical Paths under _main in COMRAM

    None.

Critical Paths under _isr in COMRAM

    None.

Critical Paths under _main in BANK0

    None.

Critical Paths under _isr in BANK0

    None.

Critical Paths under _main in BANK1

    None.

Critical Paths under _isr in BANK1

    None.

Critical Paths under _main in BANK2

    None.

Critical Paths under _isr in BANK2

    None.

Critical Paths under _main in BANK3

    None.

Critical Paths under _isr in BANK3

    None.

Critical Paths under _main in BANK4

    None.

Critical Paths under _isr in BANK4

    None.

Critical Paths under _main in BANK5

    None.

Critical Paths under _isr in BANK5

    None.

Call Graph Tables:

 ---------------------------------------------------------------------------------
 (Depth) Function   	        Calls       Base Space   Used Autos Params    Refs
 ---------------------------------------------------------------------------------
 (0) _main                                                 0     0      0       0
                        _init_config
 ---------------------------------------------------------------------------------
 (1) _init_config                                          0     0      0       0
                        _init_timer0
 ---------------------------------------------------------------------------------
 (2) _init_timer0                                          0     0      0       0
 ---------------------------------------------------------------------------------
 Estimated maximum stack depth 2
 ---------------------------------------------------------------------------------
 (Depth) Function   	        Calls       Base Space   Used Autos Params    Refs
 ---------------------------------------------------------------------------------
 (3) _isr                                                 14    14      0       0
                                              0 COMRAM    14    14      0
 ---------------------------------------------------------------------------------
 Estimated maximum stack depth 3
 ---------------------------------------------------------------------------------

 Call Graph Graphs:

 _main (ROOT)
   _init_config
     _init_timer0

 _isr (ROOT)

 Address spaces:
Name               Size   Autos  Total    Cost      Usage
BIGRAM             5FF      0       0      16        0.0%
EEDATA             100      0       0       0        0.0%
BITBANK5           100      0       0      14        0.0%
BANK5              100      0       0      15        0.0%
BITBANK4           100      0       0      12        0.0%
BANK4              100      0       0      13        0.0%
BITBANK3           100      0       0      10        0.0%
BANK3              100      0       0      11        0.0%
BITBANK2           100      0       0       8        0.0%
BANK2              100      0       0       9        0.0%
BITBANK1           100      0       0       6        0.0%
BANK1              100      0       0       7        0.0%
BITBANK0            A0      0       0       4        0.0%
BANK0               A0      0       0       5        0.0%
BITCOMRAM           5E      0       0       0        0.0%
COMRAM              5E      E      10       1       17.0%
BITSFR_3             0      0       0      40        0.0%
SFR_3                0      0       0      40        0.0%
BITSFR_2             0      0       0      40        0.0%
SFR_2                0      0       0      40        0.0%
BITSFR_1             0      0       0      40        0.0%
SFR_1                0      0       0      40        0.0%
BITSFR               0      0       0      40        0.0%
SFR                  0      0       0      40        0.0%
STACK                0      0       0       2        0.0%
NULL                 0      0       0       0        0.0%
ABS                  0      0      10       3        0.0%
DATA                 0      0      10      17        0.0%
CODE                 0      0       0       0        0.0%


Microchip Technology PIC18 Macro Assembler V1.36 build -262312587 
Symbol Table                                                                                   Wed Dec 19 09:46:07 2018

                     l29 00F4              __CFG_OSC$XT 000000                      _GIE 007F97  
                    _RB0 007C08                      _isr 0008             __CFG_LVP$OFF 000000  
           __CFG_WDT$OFF 000000                     ?_isr 0001                     _T0IF 007F92  
                   _T0CS 007EAD                     i2l13 0082                     _TMR0 000FD6  
                   _main 00F0                     fsr0h 000FEA                     fsr1h 000FE2  
                   fsr0l 000FE9                     fsr2h 000FDA                     fsr1l 000FE1  
                   fsr2l 000FD9                     btemp 0011                     pclat 000FFA  
                   prodh 000FF4                     prodl 000FF3                     start 0016  
           ___param_bank 000010                    ??_isr 0001                    ?_main 0001  
           ?_init_config 0001                    i2l663 0080                    _PORTB 000F81  
                  _TRISB 000F93             ?_init_timer0 0001           __CFG_BOREN$OFF 000000  
                  tablat 000FF5                    status 000FD8          __initialization 00E2  
           __end_of_main 00F6                   ??_main 000F            __activetblptr 000000  
                 _ADCON1 000FC1                   _TMR0IE 007F95                   _TMR0IF 007F92  
                 i2u3_40 007E                   tblptrh 000FF7                   tblptrl 000FF6  
                 tblptru 000FF8               __accesstop 0060  __end_of__initialization 00E6  
        __CFG_PBADEN$OFF 000000            ___rparam_used 000001           __pcstackCOMRAM 0001  
   __size_of_init_config 0014     __size_of_init_timer0 0010                  __Hparam 0000  
                __Lparam 0000                  __pcinit 00E2                  __ramtop 0600  
                __ptext0 00F0                  __ptext1 00BE                  __ptext2 00D2  
           __size_of_isr 00B6           __pintcode_body 001A     end_of_initialization 00E6  
                int_func 001A      start_initialization 00E2              __end_of_isr 00BE  
          ??_init_config 000F            ??_init_timer0 000F              __pbssCOMRAM 000F  
              __pintcode 0008      __end_of_init_config 00D2      __end_of_init_timer0 00E2  
               __Hrparam 0000                 __Lrparam 0000              _init_config 00BE  
            _init_timer0 00D2            __size_of_main 0006                 int$flags 0011  
               isr@count 000F                 intlevel2 0000  
