

Microchip Technology PIC18 LITE Macro Assembler V1.36 build -262312587 
                                                                                               Fri Dec 28 11:08:11 2018

Microchip Technology Omniscient Code Generator v1.36 (Free mode) build 201601150325
     1                           	processor	18F4580
     2                           	fnconf	rparam,??,?,0
     3                           	opt	pw 120
     4                           	opt	lm
     5                           	psect	idataCOMRAM,global,class=CODE,delta=1
     6                           	psect	cinit,global,reloc=2,class=CODE,delta=1
     7                           	psect	dataCOMRAM,global,class=COMRAM,space=1,delta=1
     8                           	psect	cstackCOMRAM,global,class=COMRAM,space=1,delta=1
     9                           	psect	text0,global,reloc=2,class=CODE,delta=1
    10                           	psect	text1,global,reloc=2,class=CODE,delta=1
    11                           	psect	text2,global,reloc=2,class=CODE,delta=1
    12                           	psect	text3,global,reloc=2,class=CODE,delta=1
    13                           	psect	text4,global,reloc=2,class=CODE,delta=1
    14                           	psect	intsave_regs,global,class=BIGRAM,space=1,delta=1
    15                           	psect	rparam,global,class=COMRAM,space=1,delta=1
    16  0000                     
    17                           	psect	idataCOMRAM
    18  003000                     __pidataCOMRAM:
    19                           	opt stack 0
    20                           
    21                           ;initializer for read_digital_keypad@once
    22  003000  01                 	db	1
    23  0000                     _ADCON1	set	4033
    24  0000                     _PORTB	set	3969
    25  0000                     _PORTC	set	3970
    26  0000                     _TRISB	set	3987
    27  0000                     _TRISC	set	3988
    28                           
    29                           ; #config settings
    30  0000                     
    31                           	psect	cinit
    32  002E2C                     __pcinit:
    33                           	opt stack 0
    34  002E2C                     start_initialization:
    35                           	opt stack 0
    36  002E2C                     __initialization:
    37                           	opt stack 0
    38                           
    39                           ; Initialize objects allocated to COMRAM (1 bytes)
    40                           ; load TBLPTR registers with __pidataCOMRAM
    41  002E2C  0E00               	movlw	low __pidataCOMRAM
    42  002E2E  6EF6               	movwf	tblptrl,c
    43  002E30  0E30               	movlw	high __pidataCOMRAM
    44  002E32  6EF7               	movwf	tblptrh,c
    45  002E34  0E00               	movlw	low (__pidataCOMRAM shr (0+16))
    46  002E36  6EF8               	movwf	tblptru,c
    47  002E38  0009               	tblrd		*+	;fetch initializer
    48  002E3A  CFF5 F016          	movff	tablat,__pdataCOMRAM
    49  002E3E                     end_of_initialization:
    50                           	opt stack 0
    51  002E3E                     __end_of__initialization:
    52                           	opt stack 0
    53  002E3E  0100               	movlb	0
    54  002E40  EF40  F017         	goto	_main	;jump to C main() function
    55                           tblptru	equ	0xFF8
    56                           tblptrh	equ	0xFF7
    57                           tblptrl	equ	0xFF6
    58                           tablat	equ	0xFF5
    59                           
    60                           	psect	dataCOMRAM
    61  000016                     __pdataCOMRAM:
    62                           	opt stack 0
    63  000016                     read_digital_keypad@once:
    64                           	opt stack 0
    65  000016                     	ds	1
    66                           tblptru	equ	0xFF8
    67                           tblptrh	equ	0xFF7
    68                           tblptrl	equ	0xFF6
    69                           tablat	equ	0xFF5
    70                           
    71                           	psect	cstackCOMRAM
    72  000001                     __pcstackCOMRAM:
    73                           	opt stack 0
    74  000001                     ??_glow_on_press:
    75  000001                     read_digital_keypad@detection_type:
    76                           	opt stack 0
    77                           
    78                           ; 1 bytes @ 0x0
    79  000001                     	ds	3
    80  000004                     glow_on_press@wait:
    81                           	opt stack 0
    82                           
    83                           ; 2 bytes @ 0x3
    84  000004                     	ds	2
    85  000006                     glow_on_press@wait1:
    86                           	opt stack 0
    87                           
    88                           ; 2 bytes @ 0x5
    89  000006                     	ds	2
    90  000008                     glow_on_press@key:
    91                           	opt stack 0
    92                           
    93                           ; 1 bytes @ 0x7
    94  000008                     	ds	1
    95  000009                     glow_on_press@i:
    96                           	opt stack 0
    97                           
    98                           ; 2 bytes @ 0x8
    99  000009                     	ds	2
   100  00000B                     ??_main:
   101                           
   102                           ; 1 bytes @ 0xA
   103  00000B                     	ds	2
   104  00000D                     main@i:
   105                           	opt stack 0
   106                           
   107                           ; 2 bytes @ 0xC
   108  00000D                     	ds	2
   109  00000F                     main@wait:
   110                           	opt stack 0
   111                           
   112                           ; 2 bytes @ 0xE
   113  00000F                     	ds	2
   114  000011                     main@wait1:
   115                           	opt stack 0
   116                           
   117                           ; 2 bytes @ 0x10
   118  000011                     	ds	2
   119  000013                     main@key:
   120                           	opt stack 0
   121                           
   122                           ; 1 bytes @ 0x12
   123  000013                     	ds	1
   124  000014                     main@j:
   125                           	opt stack 0
   126                           
   127                           ; 2 bytes @ 0x13
   128  000014                     	ds	2
   129                           tblptru	equ	0xFF8
   130                           tblptrh	equ	0xFF7
   131                           tblptrl	equ	0xFF6
   132                           tablat	equ	0xFF5
   133                           
   134 ;;
   135 ;;Main: autosize = 0, tempsize = 2, incstack = 0, save=0
   136 ;;
   137 ;; *************** function _main *****************
   138 ;; Defined at:
   139 ;;		line 61 in file "main.c"
   140 ;; Parameters:    Size  Location     Type
   141 ;;		None
   142 ;; Auto vars:     Size  Location     Type
   143 ;;  j               2   19[COMRAM] unsigned int 
   144 ;;  wait1           2   16[COMRAM] unsigned int 
   145 ;;  wait            2   14[COMRAM] unsigned int 
   146 ;;  i               2   12[COMRAM] unsigned int 
   147 ;;  key             1   18[COMRAM] unsigned char 
   148 ;; Return value:  Size  Location     Type
   149 ;;                  1    wreg      void 
   150 ;; Registers used:
   151 ;;		wreg, status,2, status,0, cstack
   152 ;; Tracked objects:
   153 ;;		On entry : 0/0
   154 ;;		On exit  : 0/0
   155 ;;		Unchanged: 0/0
   156 ;; Data sizes:     COMRAM   BANK0   BANK1   BANK2   BANK3   BANK4   BANK5
   157 ;;      Params:         0       0       0       0       0       0       0
   158 ;;      Locals:         9       0       0       0       0       0       0
   159 ;;      Temps:          2       0       0       0       0       0       0
   160 ;;      Totals:        11       0       0       0       0       0       0
   161 ;;Total ram usage:       11 bytes
   162 ;; Hardware stack levels required when called:    2
   163 ;; This function calls:
   164 ;;		_glow_on_press
   165 ;;		_init_config
   166 ;;		_read_digital_keypad
   167 ;; This function is called by:
   168 ;;		Startup code after reset
   169 ;; This function uses a non-reentrant model
   170 ;;
   171                           
   172                           	psect	text0
   173  002E80                     __ptext0:
   174                           	opt stack 0
   175  002E80                     _main:
   176                           	opt stack 29
   177                           
   178                           ;main.c: 63: unsigned char key;
   179                           ;main.c: 64: unsigned int i;
   180                           ;main.c: 65: unsigned int wait;
   181                           ;main.c: 66: unsigned int wait1;
   182                           ;main.c: 67: unsigned int j;
   183                           ;main.c: 68: init_config();
   184                           
   185                           ;incstack = 0
   186  002E80  EC0D  F017         	call	_init_config	;wreg free
   187                           
   188                           ;main.c: 69: PORTB = 0x01;
   189  002E84  0E01               	movlw	1
   190  002E86  6E81               	movwf	3969,c	;volatile
   191  002E88                     l748:
   192                           
   193                           ;main.c: 71: {
   194                           ;main.c: 73: PORTB = PORTB | 0x01 << j;
   195  002E88  C014  F00B         	movff	main@j,??_main
   196  002E8C  0E01               	movlw	1
   197  002E8E  6E0C               	movwf	(??_main+1)& (0+255),c
   198  002E90  2A0B               	incf	??_main,f,c
   199  002E92  D002               	goto	u184
   200  002E94                     u185:
   201  002E94  90D8               	bcf	status,0,c
   202  002E96  360C               	rlcf	??_main+1,f,c
   203  002E98                     u184:
   204  002E98  2E0B               	decfsz	??_main,f,c
   205  002E9A  D7FC               	goto	u185
   206  002E9C  500C               	movf	??_main+1,w,c
   207  002E9E  1081               	iorwf	3969,w,c	;volatile
   208  002EA0  6E81               	movwf	3969,c	;volatile
   209                           
   210                           ;main.c: 75: for(wait = 500; wait--; )
   211  002EA2  0E01               	movlw	1
   212  002EA4  6E10               	movwf	main@wait+1,c
   213  002EA6  0EF4               	movlw	244
   214  002EA8  6E0F               	movwf	main@wait,c
   215  002EAA  D00C               	goto	l756
   216  002EAC                     l752:
   217                           
   218                           ;main.c: 76: for(wait1 = 500; wait1--; );
   219  002EAC  0E01               	movlw	1
   220  002EAE  6E12               	movwf	main@wait1+1,c
   221  002EB0  0EF4               	movlw	244
   222  002EB2  6E11               	movwf	main@wait1,c
   223  002EB4                     l754:
   224  002EB4  0611               	decf	main@wait1,f,c
   225  002EB6  A0D8               	btfss	status,0,c
   226  002EB8  0612               	decf	main@wait1+1,f,c
   227  002EBA  2811               	incf	main@wait1,w,c
   228  002EBC  E1FB               	bnz	l754
   229  002EBE  2812               	incf	main@wait1+1,w,c
   230  002EC0  A4D8               	btfss	status,2,c
   231  002EC2  D7F8               	goto	l754
   232  002EC4                     l756:
   233  002EC4  060F               	decf	main@wait,f,c
   234  002EC6  A0D8               	btfss	status,0,c
   235  002EC8  0610               	decf	main@wait+1,f,c
   236  002ECA  280F               	incf	main@wait,w,c
   237  002ECC  E1EF               	bnz	l752
   238  002ECE  2810               	incf	main@wait+1,w,c
   239  002ED0  A4D8               	btfss	status,2,c
   240  002ED2  D7EC               	goto	l752
   241                           
   242                           ;main.c: 77: j++;
   243  002ED4  4A14               	infsnz	main@j,f,c
   244  002ED6  2A15               	incf	main@j+1,f,c
   245                           
   246                           ;main.c: 78: key = read_digital_keypad(1);
   247  002ED8  0E01               	movlw	1
   248  002EDA  EC22  F017         	call	_read_digital_keypad
   249  002EDE  6E13               	movwf	main@key,c
   250                           
   251                           ;main.c: 79: glow_on_press(key);
   252  002EE0  5013               	movf	main@key,w,c
   253  002EE2  EC89  F017         	call	_glow_on_press
   254                           
   255                           ;main.c: 80: for (i = 5000; i--; );
   256  002EE6  0E13               	movlw	19
   257  002EE8  6E0E               	movwf	main@i+1,c
   258  002EEA  0E88               	movlw	136
   259  002EEC  6E0D               	movwf	main@i,c
   260  002EEE                     l766:
   261  002EEE  060D               	decf	main@i,f,c
   262  002EF0  A0D8               	btfss	status,0,c
   263  002EF2  060E               	decf	main@i+1,f,c
   264  002EF4  280D               	incf	main@i,w,c
   265  002EF6  E1FB               	bnz	l766
   266  002EF8  280E               	incf	main@i+1,w,c
   267  002EFA  A4D8               	btfss	status,2,c
   268  002EFC  D7F8               	goto	l766
   269                           
   270                           ;main.c: 81: if(j == 8)
   271  002EFE  0E08               	movlw	8
   272  002F00  1814               	xorwf	main@j,w,c
   273  002F02  1015               	iorwf	main@j+1,w,c
   274  002F04  A4D8               	btfss	status,2,c
   275  002F06  D7C0               	goto	l748
   276                           
   277                           ;main.c: 82: {
   278                           ;main.c: 83: j = 0;
   279  002F08  0E00               	movlw	0
   280  002F0A  6E15               	movwf	main@j+1,c
   281  002F0C  0E00               	movlw	0
   282  002F0E  6E14               	movwf	main@j,c
   283  002F10  D7BB               	goto	l748
   284  002F12                     __end_of_main:
   285                           	opt stack 0
   286                           tblptru	equ	0xFF8
   287                           tblptrh	equ	0xFF7
   288                           tblptrl	equ	0xFF6
   289                           tablat	equ	0xFF5
   290                           status	equ	0xFD8
   291                           
   292 ;; *************** function _read_digital_keypad *****************
   293 ;; Defined at:
   294 ;;		line 9 in file "digital_keypad.c"
   295 ;; Parameters:    Size  Location     Type
   296 ;;  detection_ty    1    wreg     unsigned char 
   297 ;; Auto vars:     Size  Location     Type
   298 ;;  detection_ty    1    0[COMRAM] unsigned char 
   299 ;; Return value:  Size  Location     Type
   300 ;;                  1    wreg      unsigned char 
   301 ;; Registers used:
   302 ;;		wreg, status,2, status,0
   303 ;; Tracked objects:
   304 ;;		On entry : 0/0
   305 ;;		On exit  : 0/0
   306 ;;		Unchanged: 0/0
   307 ;; Data sizes:     COMRAM   BANK0   BANK1   BANK2   BANK3   BANK4   BANK5
   308 ;;      Params:         0       0       0       0       0       0       0
   309 ;;      Locals:         1       0       0       0       0       0       0
   310 ;;      Temps:          0       0       0       0       0       0       0
   311 ;;      Totals:         1       0       0       0       0       0       0
   312 ;;Total ram usage:        1 bytes
   313 ;; Hardware stack levels used:    1
   314 ;; This function calls:
   315 ;;		Nothing
   316 ;; This function is called by:
   317 ;;		_main
   318 ;; This function uses a non-reentrant model
   319 ;;
   320                           
   321                           	psect	text1
   322  002E44                     __ptext1:
   323                           	opt stack 0
   324  002E44                     _read_digital_keypad:
   325                           	opt stack 30
   326                           
   327                           ;incstack = 0
   328                           ;read_digital_keypad@detection_type stored from wreg
   329  002E44  6E01               	movwf	read_digital_keypad@detection_type,c
   330                           
   331                           ;digital_keypad.c: 11: static unsigned char once = 1;
   332                           ;digital_keypad.c: 13: if (detection_type == 1)
   333  002E46  0401               	decf	read_digital_keypad@detection_type,w,c
   334  002E48  A4D8               	btfss	status,2,c
   335  002E4A  D015               	goto	l686
   336                           
   337                           ;digital_keypad.c: 14: {
   338                           ;digital_keypad.c: 15: if (((PORTC & 0x0F) != 0x0F) && once)
   339  002E4C  5082               	movf	3970,w,c	;volatile
   340  002E4E  0B0F               	andlw	15
   341  002E50  0A0F               	xorlw	15
   342  002E52  B4D8               	btfsc	status,2,c
   343  002E54  D008               	goto	l682
   344  002E56  5016               	movf	read_digital_keypad@once,w,c
   345  002E58  B4D8               	btfsc	status,2,c
   346  002E5A  D005               	goto	l682
   347                           
   348                           ;digital_keypad.c: 16: {
   349                           ;digital_keypad.c: 17: once = 0;
   350  002E5C  0E00               	movlw	0
   351  002E5E  6E16               	movwf	read_digital_keypad@once,c
   352  002E60                     l676:
   353                           
   354                           ;digital_keypad.c: 19: return (PORTC & 0x0F);
   355  002E60  5082               	movf	3970,w,c	;volatile
   356  002E62  0B0F               	andlw	15
   357  002E64  0012               	return	
   358  002E66                     l682:
   359                           
   360                           ;digital_keypad.c: 21: else if ((PORTC & 0x0F) == 0x0F)
   361  002E66  5082               	movf	3970,w,c	;volatile
   362  002E68  0B0F               	andlw	15
   363  002E6A  0A0F               	xorlw	15
   364  002E6C  A4D8               	btfss	status,2,c
   365  002E6E  D006               	goto	l692
   366                           
   367                           ;digital_keypad.c: 22: {
   368                           ;digital_keypad.c: 23: once = 1;
   369  002E70  0E01               	movlw	1
   370  002E72  6E16               	movwf	read_digital_keypad@once,c
   371                           
   372                           ;digital_keypad.c: 24: }
   373                           ;digital_keypad.c: 25: }
   374  002E74  D003               	goto	l692
   375  002E76                     l686:
   376                           
   377                           ;digital_keypad.c: 26: else if (detection_type == 0)
   378  002E76  5001               	movf	read_digital_keypad@detection_type,w,c
   379  002E78  B4D8               	btfsc	status,2,c
   380  002E7A  D7F2               	goto	l676
   381  002E7C                     l692:
   382                           
   383                           ;digital_keypad.c: 29: }
   384                           ;digital_keypad.c: 31: return 0xFF;
   385  002E7C  0EFF               	movlw	255
   386  002E7E  0012               	return	
   387  002E80                     __end_of_read_digital_keypad:
   388                           	opt stack 0
   389                           tblptru	equ	0xFF8
   390                           tblptrh	equ	0xFF7
   391                           tblptrl	equ	0xFF6
   392                           tablat	equ	0xFF5
   393                           status	equ	0xFD8
   394                           
   395 ;; *************** function _init_config *****************
   396 ;; Defined at:
   397 ;;		line 51 in file "main.c"
   398 ;; Parameters:    Size  Location     Type
   399 ;;		None
   400 ;; Auto vars:     Size  Location     Type
   401 ;;		None
   402 ;; Return value:  Size  Location     Type
   403 ;;                  1    wreg      void 
   404 ;; Registers used:
   405 ;;		wreg, status,2, status,0, cstack
   406 ;; Tracked objects:
   407 ;;		On entry : 0/0
   408 ;;		On exit  : 0/0
   409 ;;		Unchanged: 0/0
   410 ;; Data sizes:     COMRAM   BANK0   BANK1   BANK2   BANK3   BANK4   BANK5
   411 ;;      Params:         0       0       0       0       0       0       0
   412 ;;      Locals:         0       0       0       0       0       0       0
   413 ;;      Temps:          0       0       0       0       0       0       0
   414 ;;      Totals:         0       0       0       0       0       0       0
   415 ;;Total ram usage:        0 bytes
   416 ;; Hardware stack levels used:    1
   417 ;; Hardware stack levels required when called:    1
   418 ;; This function calls:
   419 ;;		_init_digital_keypad
   420 ;; This function is called by:
   421 ;;		_main
   422 ;; This function uses a non-reentrant model
   423 ;;
   424                           
   425                           	psect	text2
   426  002E1A                     __ptext2:
   427                           	opt stack 0
   428  002E1A                     _init_config:
   429                           	opt stack 29
   430                           
   431                           ;main.c: 53: ADCON1 = 0x0F;
   432                           
   433                           ;incstack = 0
   434  002E1A  0E0F               	movlw	15
   435  002E1C  6EC1               	movwf	4033,c	;volatile
   436                           
   437                           ;main.c: 55: PORTB = 0x00;
   438  002E1E  0E00               	movlw	0
   439  002E20  6E81               	movwf	3969,c	;volatile
   440                           
   441                           ;main.c: 56: TRISB = 0x00;
   442  002E22  0E00               	movlw	0
   443  002E24  6E93               	movwf	3987,c	;volatile
   444                           
   445                           ;main.c: 58: init_digital_keypad();
   446  002E26  EC09  F017         	call	_init_digital_keypad	;wreg free
   447  002E2A  0012               	return		;funcret
   448  002E2C                     __end_of_init_config:
   449                           	opt stack 0
   450                           tblptru	equ	0xFF8
   451                           tblptrh	equ	0xFF7
   452                           tblptrl	equ	0xFF6
   453                           tablat	equ	0xFF5
   454                           status	equ	0xFD8
   455                           
   456 ;; *************** function _init_digital_keypad *****************
   457 ;; Defined at:
   458 ;;		line 4 in file "digital_keypad.c"
   459 ;; Parameters:    Size  Location     Type
   460 ;;		None
   461 ;; Auto vars:     Size  Location     Type
   462 ;;		None
   463 ;; Return value:  Size  Location     Type
   464 ;;                  1    wreg      void 
   465 ;; Registers used:
   466 ;;		wreg, status,2, status,0
   467 ;; Tracked objects:
   468 ;;		On entry : 0/0
   469 ;;		On exit  : 0/0
   470 ;;		Unchanged: 0/0
   471 ;; Data sizes:     COMRAM   BANK0   BANK1   BANK2   BANK3   BANK4   BANK5
   472 ;;      Params:         0       0       0       0       0       0       0
   473 ;;      Locals:         0       0       0       0       0       0       0
   474 ;;      Temps:          0       0       0       0       0       0       0
   475 ;;      Totals:         0       0       0       0       0       0       0
   476 ;;Total ram usage:        0 bytes
   477 ;; Hardware stack levels used:    1
   478 ;; This function calls:
   479 ;;		Nothing
   480 ;; This function is called by:
   481 ;;		_init_config
   482 ;; This function uses a non-reentrant model
   483 ;;
   484                           
   485                           	psect	text3
   486  002E12                     __ptext3:
   487                           	opt stack 0
   488  002E12                     _init_digital_keypad:
   489                           	opt stack 29
   490                           
   491                           ;digital_keypad.c: 6: TRISC = TRISC | 0x0F;
   492                           
   493                           ;incstack = 0
   494  002E12  5094               	movf	3988,w,c	;volatile
   495  002E14  090F               	iorlw	15
   496  002E16  6E94               	movwf	3988,c	;volatile
   497  002E18  0012               	return		;funcret
   498  002E1A                     __end_of_init_digital_keypad:
   499                           	opt stack 0
   500                           tblptru	equ	0xFF8
   501                           tblptrh	equ	0xFF7
   502                           tblptrl	equ	0xFF6
   503                           tablat	equ	0xFF5
   504                           status	equ	0xFD8
   505                           
   506 ;; *************** function _glow_on_press *****************
   507 ;; Defined at:
   508 ;;		line 4 in file "main.c"
   509 ;; Parameters:    Size  Location     Type
   510 ;;  key             1    wreg     unsigned char 
   511 ;; Auto vars:     Size  Location     Type
   512 ;;  key             1    7[COMRAM] unsigned char 
   513 ;;  i               2    8[COMRAM] unsigned int 
   514 ;;  wait1           2    5[COMRAM] unsigned int 
   515 ;;  wait            2    3[COMRAM] unsigned int 
   516 ;; Return value:  Size  Location     Type
   517 ;;                  1    wreg      void 
   518 ;; Registers used:
   519 ;;		wreg, status,2, status,0
   520 ;; Tracked objects:
   521 ;;		On entry : 0/0
   522 ;;		On exit  : 0/0
   523 ;;		Unchanged: 0/0
   524 ;; Data sizes:     COMRAM   BANK0   BANK1   BANK2   BANK3   BANK4   BANK5
   525 ;;      Params:         0       0       0       0       0       0       0
   526 ;;      Locals:         7       0       0       0       0       0       0
   527 ;;      Temps:          3       0       0       0       0       0       0
   528 ;;      Totals:        10       0       0       0       0       0       0
   529 ;;Total ram usage:       10 bytes
   530 ;; Hardware stack levels used:    1
   531 ;; This function calls:
   532 ;;		Nothing
   533 ;; This function is called by:
   534 ;;		_main
   535 ;; This function uses a non-reentrant model
   536 ;;
   537                           
   538                           	psect	text4
   539  002F12                     __ptext4:
   540                           	opt stack 0
   541  002F12                     _glow_on_press:
   542                           	opt stack 30
   543                           
   544                           ;incstack = 0
   545                           ;glow_on_press@key stored from wreg
   546  002F12  6E08               	movwf	glow_on_press@key,c
   547                           
   548                           ;main.c: 6: unsigned int i;
   549                           ;main.c: 7: unsigned int wait;
   550                           ;main.c: 8: unsigned int wait1;
   551                           ;main.c: 18: if (key == 0x0E)
   552  002F14  0E0E               	movlw	14
   553  002F16  1808               	xorwf	glow_on_press@key,w,c
   554  002F18  A4D8               	btfss	status,2,c
   555  002F1A  D038               	goto	l718
   556                           
   557                           ;main.c: 19: {
   558                           ;main.c: 20: PORTB = 0x00;
   559  002F1C  0E00               	movlw	0
   560  002F1E  6E81               	movwf	3969,c	;volatile
   561                           
   562                           ;main.c: 22: for(i = 0; i < 8; i++)
   563  002F20  0E00               	movlw	0
   564  002F22  6E0A               	movwf	glow_on_press@i+1,c
   565  002F24  0E00               	movlw	0
   566  002F26  6E09               	movwf	glow_on_press@i,c
   567  002F28                     l700:
   568  002F28  500A               	movf	glow_on_press@i+1,w,c
   569  002F2A  E130               	bnz	l718
   570  002F2C  0E08               	movlw	8
   571  002F2E  5C09               	subwf	glow_on_press@i,w,c
   572  002F30  B0D8               	btfsc	status,0,c
   573  002F32  D02C               	goto	l718
   574                           
   575                           ;main.c: 23: {
   576                           ;main.c: 24: PORTB = PORTB | 0x80 >> i;
   577  002F34  C009  F001         	movff	glow_on_press@i,??_glow_on_press
   578  002F38  0E80               	movlw	128
   579  002F3A  6E02               	movwf	(??_glow_on_press+1)& (0+255),c
   580  002F3C  0E00               	movlw	0
   581  002F3E  6E03               	movwf	(??_glow_on_press+2)& (0+255),c
   582  002F40  2A01               	incf	??_glow_on_press,f,c
   583  002F42  D003               	goto	u84
   584  002F44                     u85:
   585  002F44  3403               	rlcf	??_glow_on_press+2,w,c
   586  002F46  3203               	rrcf	??_glow_on_press+2,f,c
   587  002F48  3202               	rrcf	??_glow_on_press+1,f,c
   588  002F4A                     u84:
   589  002F4A  2E01               	decfsz	??_glow_on_press,f,c
   590  002F4C  D7FB               	goto	u85
   591  002F4E  5002               	movf	??_glow_on_press+1,w,c
   592  002F50  1081               	iorwf	3969,w,c	;volatile
   593  002F52  6E81               	movwf	3969,c	;volatile
   594                           
   595                           ;main.c: 26: for(wait = 500; wait--; )
   596  002F54  0E01               	movlw	1
   597  002F56  6E05               	movwf	glow_on_press@wait+1,c
   598  002F58  0EF4               	movlw	244
   599  002F5A  6E04               	movwf	glow_on_press@wait,c
   600  002F5C  D00C               	goto	l712
   601  002F5E                     l708:
   602                           
   603                           ;main.c: 27: for(wait1 = 500; wait1--; );
   604  002F5E  0E01               	movlw	1
   605  002F60  6E07               	movwf	glow_on_press@wait1+1,c
   606  002F62  0EF4               	movlw	244
   607  002F64  6E06               	movwf	glow_on_press@wait1,c
   608  002F66                     l710:
   609  002F66  0606               	decf	glow_on_press@wait1,f,c
   610  002F68  A0D8               	btfss	status,0,c
   611  002F6A  0607               	decf	glow_on_press@wait1+1,f,c
   612  002F6C  2806               	incf	glow_on_press@wait1,w,c
   613  002F6E  E1FB               	bnz	l710
   614  002F70  2807               	incf	glow_on_press@wait1+1,w,c
   615  002F72  A4D8               	btfss	status,2,c
   616  002F74  D7F8               	goto	l710
   617  002F76                     l712:
   618  002F76  0604               	decf	glow_on_press@wait,f,c
   619  002F78  A0D8               	btfss	status,0,c
   620  002F7A  0605               	decf	glow_on_press@wait+1,f,c
   621  002F7C  2804               	incf	glow_on_press@wait,w,c
   622  002F7E  E1EF               	bnz	l708
   623  002F80  2805               	incf	glow_on_press@wait+1,w,c
   624  002F82  A4D8               	btfss	status,2,c
   625  002F84  D7EC               	goto	l708
   626  002F86  4A09               	infsnz	glow_on_press@i,f,c
   627  002F88  2A0A               	incf	glow_on_press@i+1,f,c
   628  002F8A  D7CE               	goto	l700
   629  002F8C                     l718:
   630                           
   631                           ;main.c: 29: }
   632                           ;main.c: 30: }
   633                           ;main.c: 31: if (key == 0x0D)
   634  002F8C  0E0D               	movlw	13
   635  002F8E  1808               	xorwf	glow_on_press@key,w,c
   636  002F90  A4D8               	btfss	status,2,c
   637  002F92  0012               	return	
   638                           
   639                           ;main.c: 32: {
   640                           ;main.c: 33: PORTB = 0x00;
   641  002F94  0E00               	movlw	0
   642  002F96  6E81               	movwf	3969,c	;volatile
   643                           
   644                           ;main.c: 35: for(i = 0; i < 8; i++)
   645  002F98  0E00               	movlw	0
   646  002F9A  6E0A               	movwf	glow_on_press@i+1,c
   647  002F9C  0E00               	movlw	0
   648  002F9E  6E09               	movwf	glow_on_press@i,c
   649  002FA0                     l722:
   650  002FA0  500A               	movf	glow_on_press@i+1,w,c
   651  002FA2  E12D               	bnz	l49
   652  002FA4  0E08               	movlw	8
   653  002FA6  5C09               	subwf	glow_on_press@i,w,c
   654  002FA8  B0D8               	btfsc	status,0,c
   655  002FAA  0012               	return	
   656                           
   657                           ;main.c: 36: {
   658                           ;main.c: 37: PORTB = PORTB | 0x01 << i;
   659  002FAC  C009  F001         	movff	glow_on_press@i,??_glow_on_press
   660  002FB0  0E01               	movlw	1
   661  002FB2  6E02               	movwf	(??_glow_on_press+1)& (0+255),c
   662  002FB4  2A01               	incf	??_glow_on_press,f,c
   663  002FB6  D002               	goto	u144
   664  002FB8                     u145:
   665  002FB8  90D8               	bcf	status,0,c
   666  002FBA  3602               	rlcf	??_glow_on_press+1,f,c
   667  002FBC                     u144:
   668  002FBC  2E01               	decfsz	??_glow_on_press,f,c
   669  002FBE  D7FC               	goto	u145
   670  002FC0  5002               	movf	??_glow_on_press+1,w,c
   671  002FC2  1081               	iorwf	3969,w,c	;volatile
   672  002FC4  6E81               	movwf	3969,c	;volatile
   673                           
   674                           ;main.c: 39: for(wait = 500; wait--; )
   675  002FC6  0E01               	movlw	1
   676  002FC8  6E05               	movwf	glow_on_press@wait+1,c
   677  002FCA  0EF4               	movlw	244
   678  002FCC  6E04               	movwf	glow_on_press@wait,c
   679  002FCE  D00C               	goto	l734
   680  002FD0                     l730:
   681                           
   682                           ;main.c: 40: for(wait1 = 500; wait1--; );
   683  002FD0  0E01               	movlw	1
   684  002FD2  6E07               	movwf	glow_on_press@wait1+1,c
   685  002FD4  0EF4               	movlw	244
   686  002FD6  6E06               	movwf	glow_on_press@wait1,c
   687  002FD8                     l732:
   688  002FD8  0606               	decf	glow_on_press@wait1,f,c
   689  002FDA  A0D8               	btfss	status,0,c
   690  002FDC  0607               	decf	glow_on_press@wait1+1,f,c
   691  002FDE  2806               	incf	glow_on_press@wait1,w,c
   692  002FE0  E1FB               	bnz	l732
   693  002FE2  2807               	incf	glow_on_press@wait1+1,w,c
   694  002FE4  A4D8               	btfss	status,2,c
   695  002FE6  D7F8               	goto	l732
   696  002FE8                     l734:
   697  002FE8  0604               	decf	glow_on_press@wait,f,c
   698  002FEA  A0D8               	btfss	status,0,c
   699  002FEC  0605               	decf	glow_on_press@wait+1,f,c
   700  002FEE  2804               	incf	glow_on_press@wait,w,c
   701  002FF0  E1EF               	bnz	l730
   702  002FF2  2805               	incf	glow_on_press@wait+1,w,c
   703  002FF4  A4D8               	btfss	status,2,c
   704  002FF6  D7EC               	goto	l730
   705  002FF8  4A09               	infsnz	glow_on_press@i,f,c
   706  002FFA  2A0A               	incf	glow_on_press@i+1,f,c
   707  002FFC  D7D1               	goto	l722
   708  002FFE                     l49:
   709  002FFE  0012               	return		;funcret
   710  003000                     __end_of_glow_on_press:
   711                           	opt stack 0
   712  0000                     tblptru	equ	0xFF8
   713                           tblptrh	equ	0xFF7
   714                           tblptrl	equ	0xFF6
   715                           tablat	equ	0xFF5
   716                           status	equ	0xFD8
   717                           tblptru	equ	0xFF8
   718                           tblptrh	equ	0xFF7
   719                           tblptrl	equ	0xFF6
   720                           tablat	equ	0xFF5
   721                           status	equ	0xFD8
   722                           
   723                           	psect	rparam
   724  0000                     tblptru	equ	0xFF8
   725                           tblptrh	equ	0xFF7
   726                           tblptrl	equ	0xFF6
   727                           tablat	equ	0xFF5
   728                           status	equ	0xFD8


Data Sizes:
    Strings     0
    Constant    0
    Data        1
    BSS         0
    Persistent  0
    Stack       0

Auto Spaces:
    Space          Size  Autos    Used
    COMRAM           95     21      22
    BANK0           160      0       0
    BANK1           256      0       0
    BANK2           256      0       0
    BANK3           256      0       0
    BANK4           256      0       0
    BANK5           256      0       0

Pointer List with Targets:

    None.

Critical Paths under _main in COMRAM

    _main->_glow_on_press

Critical Paths under _main in BANK0

    None.

Critical Paths under _main in BANK1

    None.

Critical Paths under _main in BANK2

    None.

Critical Paths under _main in BANK3

    None.

Critical Paths under _main in BANK4

    None.

Critical Paths under _main in BANK5

    None.

Call Graph Tables:

 ---------------------------------------------------------------------------------
 (Depth) Function   	        Calls       Base Space   Used Autos Params    Refs
 ---------------------------------------------------------------------------------
 (0) _main                                                11    11      0     300
                                             10 COMRAM    11    11      0
                      _glow_on_press
                        _init_config
                _read_digital_keypad
 ---------------------------------------------------------------------------------
 (1) _read_digital_keypad                                  1     1      0      30
                                              0 COMRAM     1     1      0
 ---------------------------------------------------------------------------------
 (1) _init_config                                          0     0      0       0
                _init_digital_keypad
 ---------------------------------------------------------------------------------
 (2) _init_digital_keypad                                  0     0      0       0
 ---------------------------------------------------------------------------------
 (1) _glow_on_press                                       10    10      0     180
                                              0 COMRAM    10    10      0
 ---------------------------------------------------------------------------------
 Estimated maximum stack depth 2
 ---------------------------------------------------------------------------------

 Call Graph Graphs:

 _main (ROOT)
   _glow_on_press
   _init_config
     _init_digital_keypad
   _read_digital_keypad

 Address spaces:
Name               Size   Autos  Total    Cost      Usage
BIGRAM             5FF      0       0      16        0.0%
EEDATA             100      0       0       0        0.0%
BITBANK5           100      0       0      14        0.0%
BANK5              100      0       0      15        0.0%
BITBANK4           100      0       0      12        0.0%
BANK4              100      0       0      13        0.0%
BITBANK3           100      0       0      10        0.0%
BANK3              100      0       0      11        0.0%
BITBANK2           100      0       0       8        0.0%
BANK2              100      0       0       9        0.0%
BITBANK1           100      0       0       6        0.0%
BANK1              100      0       0       7        0.0%
BITBANK0            A0      0       0       4        0.0%
BANK0               A0      0       0       5        0.0%
BITCOMRAM           5F      0       0       0        0.0%
COMRAM              5F     15      16       1       23.2%
BITSFR_3             0      0       0      40        0.0%
SFR_3                0      0       0      40        0.0%
BITSFR_2             0      0       0      40        0.0%
SFR_2                0      0       0      40        0.0%
BITSFR_1             0      0       0      40        0.0%
SFR_1                0      0       0      40        0.0%
BITSFR               0      0       0      40        0.0%
SFR                  0      0       0      40        0.0%
STACK                0      0       0       2        0.0%
NULL                 0      0       0       0        0.0%
ABS                  0      0      16       3        0.0%
DATA                 0      0      16      17        0.0%
CODE                 0      0       0       0        0.0%


Microchip Technology PIC18 Macro Assembler V1.36 build -262312587 
Symbol Table                                                                                   Fri Dec 28 11:08:11 2018

                               l49 2FFE                                 u84 2F4A  
                               u85 2F44                        __CFG_OSC$XT 000000  
                              l700 2F28                                l710 2F66  
                              l712 2F76                                l730 2FD0  
                              l722 2FA0                                l732 2FD8  
                              l708 2F5E                                l734 2FE8  
                              l718 2F8C                                l752 2EAC  
                              l682 2E66                                l754 2EB4  
                              l692 2E7C                                l676 2E60  
                              l756 2EC4                                l748 2E88  
                              l686 2E76                                l766 2EEE  
                              u144 2FBC                                u145 2FB8  
                              u184 2E98                                u185 2E94  
                     __CFG_LVP$OFF 000000                       __CFG_WDT$OFF 000000  
            ??_read_digital_keypad 0001                               _main 2E80  
                 glow_on_press@key 0008                               start 0000  
                     ___param_bank 000010                              ?_main 0001  
                     ?_init_config 0001                              _PORTB 000F81  
                            _PORTC 000F82                              _TRISB 000F93  
                            _TRISC 000F94                              main@i 000D  
                            main@j 0014                     __CFG_BOREN$OFF 000000  
                            tablat 000FF5                  glow_on_press@wait 0004  
                            status 000FD8                    __initialization 2E2C  
                     __end_of_main 2F12             __size_of_glow_on_press 00EE  
                           ??_main 000B                      __activetblptr 000000  
                           _ADCON1 000FC1        __end_of_init_digital_keypad 2E1A  
                     __pdataCOMRAM 0016                             tblptrh 000FF7  
                           tblptrl 000FF6                             tblptru 000FF8  
               glow_on_press@wait1 0006                      _glow_on_press 2F12  
                       __accesstop 0060            __end_of__initialization 2E3E  
                  __CFG_PBADEN$OFF 000000                      ___rparam_used 000001  
                   __pcstackCOMRAM 0001               __size_of_init_config 0012  
                   ?_glow_on_press 0001        __end_of_read_digital_keypad 2E80  
                          __Hparam 0000                            __Lparam 0000  
                          __pcinit 2E2C                            __ramtop 0600  
                          __ptext0 2E80                            __ptext1 2E44  
                          __ptext2 2E1A                            __ptext3 2E12  
                          __ptext4 2F12                    ??_glow_on_press 0001  
                          main@key 0013               end_of_initialization 2E3E  
                   glow_on_press@i 0009       __size_of_init_digital_keypad 0008  
                    __pidataCOMRAM 3000                start_initialization 2E2C  
                    ??_init_config 0001                __end_of_init_config 2E2C  
     __size_of_read_digital_keypad 003C  read_digital_keypad@detection_type 0001  
                        main@wait1 0011              __end_of_glow_on_press 3000  
              _init_digital_keypad 2E12                           __Hrparam 0000  
                         __Lrparam 0000               ?_init_digital_keypad 0001  
                      _init_config 2E1A                      __size_of_main 0092  
          read_digital_keypad@once 0016              ??_init_digital_keypad 0001  
                         main@wait 000F                _read_digital_keypad 2E44  
             ?_read_digital_keypad 0001  
