

Microchip Technology PIC18 LITE Macro Assembler V1.36 build -262312587 
                                                                                               Fri Dec 28 12:05:49 2018

Microchip Technology Omniscient Code Generator v1.36 (Free mode) build 201601150325
     1                           	processor	18F4580
     2                           	fnconf	rparam,??,?,0
     3                           	opt	pw 120
     4                           	opt	lm
     5                           	psect	idataCOMRAM,global,class=CODE,delta=1
     6                           	psect	cinit,global,reloc=2,class=CODE,delta=1
     7                           	psect	dataCOMRAM,global,class=COMRAM,space=1,delta=1
     8                           	psect	cstackCOMRAM,global,class=COMRAM,space=1,delta=1
     9                           	psect	text0,global,reloc=2,class=CODE,delta=1
    10                           	psect	text1,global,reloc=2,class=CODE,delta=1
    11                           	psect	text2,global,reloc=2,class=CODE,delta=1
    12                           	psect	text3,global,reloc=2,class=CODE,delta=1
    13                           	psect	text4,global,reloc=2,class=CODE,delta=1
    14                           	psect	intsave_regs,global,class=BIGRAM,space=1,delta=1
    15                           	psect	rparam,global,class=COMRAM,space=1,delta=1
    16  0000                     
    17                           	psect	idataCOMRAM
    18  003000                     __pidataCOMRAM:
    19                           	opt stack 0
    20                           
    21                           ;initializer for read_digital_keypad@once
    22  003000  01                 	db	1
    23  0000                     _ADCON1	set	4033
    24  0000                     _PORTB	set	3969
    25  0000                     _PORTC	set	3970
    26  0000                     _TRISB	set	3987
    27  0000                     _TRISC	set	3988
    28                           
    29                           ; #config settings
    30  0000                     
    31                           	psect	cinit
    32  002D9E                     __pcinit:
    33                           	opt stack 0
    34  002D9E                     start_initialization:
    35                           	opt stack 0
    36  002D9E                     __initialization:
    37                           	opt stack 0
    38                           
    39                           ; Initialize objects allocated to COMRAM (1 bytes)
    40                           ; load TBLPTR registers with __pidataCOMRAM
    41  002D9E  0E00               	movlw	low __pidataCOMRAM
    42  002DA0  6EF6               	movwf	tblptrl,c
    43  002DA2  0E30               	movlw	high __pidataCOMRAM
    44  002DA4  6EF7               	movwf	tblptrh,c
    45  002DA6  0E00               	movlw	low (__pidataCOMRAM shr (0+16))
    46  002DA8  6EF8               	movwf	tblptru,c
    47  002DAA  0009               	tblrd		*+	;fetch initializer
    48  002DAC  CFF5 F00E          	movff	tablat,__pdataCOMRAM
    49  002DB0                     end_of_initialization:
    50                           	opt stack 0
    51  002DB0                     __end_of__initialization:
    52                           	opt stack 0
    53  002DB0  0100               	movlb	0
    54  002DB2  EFDB  F016         	goto	_main	;jump to C main() function
    55                           tblptru	equ	0xFF8
    56                           tblptrh	equ	0xFF7
    57                           tblptrl	equ	0xFF6
    58                           tablat	equ	0xFF5
    59                           
    60                           	psect	dataCOMRAM
    61  00000E                     __pdataCOMRAM:
    62                           	opt stack 0
    63  00000E                     read_digital_keypad@once:
    64                           	opt stack 0
    65  00000E                     	ds	1
    66                           tblptru	equ	0xFF8
    67                           tblptrh	equ	0xFF7
    68                           tblptrl	equ	0xFF6
    69                           tablat	equ	0xFF5
    70                           
    71                           	psect	cstackCOMRAM
    72  000001                     __pcstackCOMRAM:
    73                           	opt stack 0
    74  000001                     ??_glow_on_press:
    75  000001                     read_digital_keypad@detection_type:
    76                           	opt stack 0
    77                           
    78                           ; 1 bytes @ 0x0
    79  000001                     	ds	3
    80  000004                     glow_on_press@key:
    81                           	opt stack 0
    82                           
    83                           ; 1 bytes @ 0x3
    84  000004                     	ds	1
    85  000005                     glow_on_press@wait:
    86                           	opt stack 0
    87                           
    88                           ; 2 bytes @ 0x4
    89  000005                     	ds	2
    90  000007                     glow_on_press@wait1:
    91                           	opt stack 0
    92                           
    93                           ; 2 bytes @ 0x6
    94  000007                     	ds	2
    95  000009                     glow_on_press@i:
    96                           	opt stack 0
    97                           
    98                           ; 2 bytes @ 0x8
    99  000009                     	ds	2
   100  00000B                     main@i:
   101                           	opt stack 0
   102                           
   103                           ; 2 bytes @ 0xA
   104  00000B                     	ds	2
   105  00000D                     main@key:
   106                           	opt stack 0
   107                           
   108                           ; 1 bytes @ 0xC
   109  00000D                     	ds	1
   110                           tblptru	equ	0xFF8
   111                           tblptrh	equ	0xFF7
   112                           tblptrl	equ	0xFF6
   113                           tablat	equ	0xFF5
   114                           
   115 ;;
   116 ;;Main: autosize = 0, tempsize = 0, incstack = 0, save=0
   117 ;;
   118 ;; *************** function _main *****************
   119 ;; Defined at:
   120 ;;		line 87 in file "main.c"
   121 ;; Parameters:    Size  Location     Type
   122 ;;		None
   123 ;; Auto vars:     Size  Location     Type
   124 ;;  i               2   10[COMRAM] unsigned int 
   125 ;;  j               2    0        unsigned int 
   126 ;;  wait1           2    0        unsigned int 
   127 ;;  wait            2    0        unsigned int 
   128 ;;  l               2    0        unsigned int 
   129 ;;  k               2    0        unsigned int 
   130 ;;  key             1   12[COMRAM] unsigned char 
   131 ;; Return value:  Size  Location     Type
   132 ;;                  1    wreg      void 
   133 ;; Registers used:
   134 ;;		wreg, status,2, status,0, cstack
   135 ;; Tracked objects:
   136 ;;		On entry : 0/0
   137 ;;		On exit  : 0/0
   138 ;;		Unchanged: 0/0
   139 ;; Data sizes:     COMRAM   BANK0   BANK1   BANK2   BANK3   BANK4   BANK5
   140 ;;      Params:         0       0       0       0       0       0       0
   141 ;;      Locals:         3       0       0       0       0       0       0
   142 ;;      Temps:          0       0       0       0       0       0       0
   143 ;;      Totals:         3       0       0       0       0       0       0
   144 ;;Total ram usage:        3 bytes
   145 ;; Hardware stack levels required when called:    2
   146 ;; This function calls:
   147 ;;		_glow_on_press
   148 ;;		_init_config
   149 ;;		_read_digital_keypad
   150 ;; This function is called by:
   151 ;;		Startup code after reset
   152 ;; This function uses a non-reentrant model
   153 ;;
   154                           
   155                           	psect	text0
   156  002DB6                     __ptext0:
   157                           	opt stack 0
   158  002DB6                     _main:
   159                           	opt stack 29
   160                           
   161                           ;main.c: 89: unsigned char key;
   162                           ;main.c: 90: unsigned int i, k, l;
   163                           ;main.c: 91: unsigned int wait;
   164                           ;main.c: 92: unsigned int wait1;
   165                           ;main.c: 93: unsigned int j;
   166                           ;main.c: 94: init_config();
   167                           
   168                           ;incstack = 0
   169  002DB6  ECC6  F016         	call	_init_config	;wreg free
   170  002DBA                     l73:
   171                           
   172                           ;main.c: 97: {
   173                           ;main.c: 99: key = read_digital_keypad(1);
   174  002DBA  0E01               	movlw	1
   175  002DBC  ECF8  F016         	call	_read_digital_keypad
   176  002DC0  6E0D               	movwf	main@key,c
   177                           
   178                           ;main.c: 101: if (key == 0x0E || key == 0x0D || key == 0x0B || key == 0x07)
   179  002DC2  0E0E               	movlw	14
   180  002DC4  180D               	xorwf	main@key,w,c
   181  002DC6  B4D8               	btfsc	status,2,c
   182  002DC8  D00C               	goto	l76
   183  002DCA  0E0D               	movlw	13
   184  002DCC  180D               	xorwf	main@key,w,c
   185  002DCE  B4D8               	btfsc	status,2,c
   186  002DD0  D008               	goto	l76
   187  002DD2  0E0B               	movlw	11
   188  002DD4  180D               	xorwf	main@key,w,c
   189  002DD6  B4D8               	btfsc	status,2,c
   190  002DD8  D004               	goto	l76
   191  002DDA  0E07               	movlw	7
   192  002DDC  180D               	xorwf	main@key,w,c
   193  002DDE  A4D8               	btfss	status,2,c
   194  002DE0  D003               	goto	l813
   195  002DE2                     l76:
   196                           
   197                           ;main.c: 102: {
   198                           ;main.c: 103: i = key;
   199  002DE2  C00D  F00B         	movff	main@key,main@i
   200  002DE6  6A0C               	clrf	main@i+1,c
   201  002DE8                     l813:
   202                           
   203                           ;main.c: 104: }
   204                           ;main.c: 106: glow_on_press(i);
   205  002DE8  500B               	movf	main@i,w,c
   206  002DEA  EC16  F017         	call	_glow_on_press
   207  002DEE  D7E5               	goto	l73
   208  002DF0                     __end_of_main:
   209                           	opt stack 0
   210                           tblptru	equ	0xFF8
   211                           tblptrh	equ	0xFF7
   212                           tblptrl	equ	0xFF6
   213                           tablat	equ	0xFF5
   214                           status	equ	0xFD8
   215                           
   216 ;; *************** function _read_digital_keypad *****************
   217 ;; Defined at:
   218 ;;		line 9 in file "digital_keypad.c"
   219 ;; Parameters:    Size  Location     Type
   220 ;;  detection_ty    1    wreg     unsigned char 
   221 ;; Auto vars:     Size  Location     Type
   222 ;;  detection_ty    1    0[COMRAM] unsigned char 
   223 ;; Return value:  Size  Location     Type
   224 ;;                  1    wreg      unsigned char 
   225 ;; Registers used:
   226 ;;		wreg, status,2, status,0
   227 ;; Tracked objects:
   228 ;;		On entry : 0/0
   229 ;;		On exit  : 0/0
   230 ;;		Unchanged: 0/0
   231 ;; Data sizes:     COMRAM   BANK0   BANK1   BANK2   BANK3   BANK4   BANK5
   232 ;;      Params:         0       0       0       0       0       0       0
   233 ;;      Locals:         1       0       0       0       0       0       0
   234 ;;      Temps:          0       0       0       0       0       0       0
   235 ;;      Totals:         1       0       0       0       0       0       0
   236 ;;Total ram usage:        1 bytes
   237 ;; Hardware stack levels used:    1
   238 ;; This function calls:
   239 ;;		Nothing
   240 ;; This function is called by:
   241 ;;		_main
   242 ;; This function uses a non-reentrant model
   243 ;;
   244                           
   245                           	psect	text1
   246  002DF0                     __ptext1:
   247                           	opt stack 0
   248  002DF0                     _read_digital_keypad:
   249                           	opt stack 30
   250                           
   251                           ;incstack = 0
   252                           ;read_digital_keypad@detection_type stored from wreg
   253  002DF0  6E01               	movwf	read_digital_keypad@detection_type,c
   254                           
   255                           ;digital_keypad.c: 11: static unsigned char once = 1;
   256                           ;digital_keypad.c: 13: if (detection_type == 1)
   257  002DF2  0401               	decf	read_digital_keypad@detection_type,w,c
   258  002DF4  A4D8               	btfss	status,2,c
   259  002DF6  D015               	goto	l697
   260                           
   261                           ;digital_keypad.c: 14: {
   262                           ;digital_keypad.c: 15: if (((PORTC & 0x0F) != 0x0F) && once)
   263  002DF8  5082               	movf	3970,w,c	;volatile
   264  002DFA  0B0F               	andlw	15
   265  002DFC  0A0F               	xorlw	15
   266  002DFE  B4D8               	btfsc	status,2,c
   267  002E00  D008               	goto	l693
   268  002E02  500E               	movf	read_digital_keypad@once,w,c
   269  002E04  B4D8               	btfsc	status,2,c
   270  002E06  D005               	goto	l693
   271                           
   272                           ;digital_keypad.c: 16: {
   273                           ;digital_keypad.c: 17: once = 0;
   274  002E08  0E00               	movlw	0
   275  002E0A  6E0E               	movwf	read_digital_keypad@once,c
   276  002E0C                     l687:
   277                           
   278                           ;digital_keypad.c: 19: return (PORTC & 0x0F);
   279  002E0C  5082               	movf	3970,w,c	;volatile
   280  002E0E  0B0F               	andlw	15
   281  002E10  0012               	return	
   282  002E12                     l693:
   283                           
   284                           ;digital_keypad.c: 21: else if ((PORTC & 0x0F) == 0x0F)
   285  002E12  5082               	movf	3970,w,c	;volatile
   286  002E14  0B0F               	andlw	15
   287  002E16  0A0F               	xorlw	15
   288  002E18  A4D8               	btfss	status,2,c
   289  002E1A  D006               	goto	l703
   290                           
   291                           ;digital_keypad.c: 22: {
   292                           ;digital_keypad.c: 23: once = 1;
   293  002E1C  0E01               	movlw	1
   294  002E1E  6E0E               	movwf	read_digital_keypad@once,c
   295                           
   296                           ;digital_keypad.c: 24: }
   297                           ;digital_keypad.c: 25: }
   298  002E20  D003               	goto	l703
   299  002E22                     l697:
   300                           
   301                           ;digital_keypad.c: 26: else if (detection_type == 0)
   302  002E22  5001               	movf	read_digital_keypad@detection_type,w,c
   303  002E24  B4D8               	btfsc	status,2,c
   304  002E26  D7F2               	goto	l687
   305  002E28                     l703:
   306                           
   307                           ;digital_keypad.c: 29: }
   308                           ;digital_keypad.c: 31: return 0xFF;
   309  002E28  0EFF               	movlw	255
   310  002E2A  0012               	return	
   311  002E2C                     __end_of_read_digital_keypad:
   312                           	opt stack 0
   313                           tblptru	equ	0xFF8
   314                           tblptrh	equ	0xFF7
   315                           tblptrl	equ	0xFF6
   316                           tablat	equ	0xFF5
   317                           status	equ	0xFD8
   318                           
   319 ;; *************** function _init_config *****************
   320 ;; Defined at:
   321 ;;		line 77 in file "main.c"
   322 ;; Parameters:    Size  Location     Type
   323 ;;		None
   324 ;; Auto vars:     Size  Location     Type
   325 ;;		None
   326 ;; Return value:  Size  Location     Type
   327 ;;                  1    wreg      void 
   328 ;; Registers used:
   329 ;;		wreg, status,2, status,0, cstack
   330 ;; Tracked objects:
   331 ;;		On entry : 0/0
   332 ;;		On exit  : 0/0
   333 ;;		Unchanged: 0/0
   334 ;; Data sizes:     COMRAM   BANK0   BANK1   BANK2   BANK3   BANK4   BANK5
   335 ;;      Params:         0       0       0       0       0       0       0
   336 ;;      Locals:         0       0       0       0       0       0       0
   337 ;;      Temps:          0       0       0       0       0       0       0
   338 ;;      Totals:         0       0       0       0       0       0       0
   339 ;;Total ram usage:        0 bytes
   340 ;; Hardware stack levels used:    1
   341 ;; Hardware stack levels required when called:    1
   342 ;; This function calls:
   343 ;;		_init_digital_keypad
   344 ;; This function is called by:
   345 ;;		_main
   346 ;; This function uses a non-reentrant model
   347 ;;
   348                           
   349                           	psect	text2
   350  002D8C                     __ptext2:
   351                           	opt stack 0
   352  002D8C                     _init_config:
   353                           	opt stack 29
   354                           
   355                           ;main.c: 79: ADCON1 = 0x0F;
   356                           
   357                           ;incstack = 0
   358  002D8C  0E0F               	movlw	15
   359  002D8E  6EC1               	movwf	4033,c	;volatile
   360                           
   361                           ;main.c: 81: PORTB = 0x00;
   362  002D90  0E00               	movlw	0
   363  002D92  6E81               	movwf	3969,c	;volatile
   364                           
   365                           ;main.c: 82: TRISB = 0x00;
   366  002D94  0E00               	movlw	0
   367  002D96  6E93               	movwf	3987,c	;volatile
   368                           
   369                           ;main.c: 84: init_digital_keypad();
   370  002D98  ECC2  F016         	call	_init_digital_keypad	;wreg free
   371  002D9C  0012               	return		;funcret
   372  002D9E                     __end_of_init_config:
   373                           	opt stack 0
   374                           tblptru	equ	0xFF8
   375                           tblptrh	equ	0xFF7
   376                           tblptrl	equ	0xFF6
   377                           tablat	equ	0xFF5
   378                           status	equ	0xFD8
   379                           
   380 ;; *************** function _init_digital_keypad *****************
   381 ;; Defined at:
   382 ;;		line 4 in file "digital_keypad.c"
   383 ;; Parameters:    Size  Location     Type
   384 ;;		None
   385 ;; Auto vars:     Size  Location     Type
   386 ;;		None
   387 ;; Return value:  Size  Location     Type
   388 ;;                  1    wreg      void 
   389 ;; Registers used:
   390 ;;		wreg, status,2, status,0
   391 ;; Tracked objects:
   392 ;;		On entry : 0/0
   393 ;;		On exit  : 0/0
   394 ;;		Unchanged: 0/0
   395 ;; Data sizes:     COMRAM   BANK0   BANK1   BANK2   BANK3   BANK4   BANK5
   396 ;;      Params:         0       0       0       0       0       0       0
   397 ;;      Locals:         0       0       0       0       0       0       0
   398 ;;      Temps:          0       0       0       0       0       0       0
   399 ;;      Totals:         0       0       0       0       0       0       0
   400 ;;Total ram usage:        0 bytes
   401 ;; Hardware stack levels used:    1
   402 ;; This function calls:
   403 ;;		Nothing
   404 ;; This function is called by:
   405 ;;		_init_config
   406 ;; This function uses a non-reentrant model
   407 ;;
   408                           
   409                           	psect	text3
   410  002D84                     __ptext3:
   411                           	opt stack 0
   412  002D84                     _init_digital_keypad:
   413                           	opt stack 29
   414                           
   415                           ;digital_keypad.c: 6: TRISC = TRISC | 0x0F;
   416                           
   417                           ;incstack = 0
   418  002D84  5094               	movf	3988,w,c	;volatile
   419  002D86  090F               	iorlw	15
   420  002D88  6E94               	movwf	3988,c	;volatile
   421  002D8A  0012               	return		;funcret
   422  002D8C                     __end_of_init_digital_keypad:
   423                           	opt stack 0
   424                           tblptru	equ	0xFF8
   425                           tblptrh	equ	0xFF7
   426                           tblptrl	equ	0xFF6
   427                           tablat	equ	0xFF5
   428                           status	equ	0xFD8
   429                           
   430 ;; *************** function _glow_on_press *****************
   431 ;; Defined at:
   432 ;;		line 4 in file "main.c"
   433 ;; Parameters:    Size  Location     Type
   434 ;;  key             1    wreg     unsigned char 
   435 ;; Auto vars:     Size  Location     Type
   436 ;;  key             1    3[COMRAM] unsigned char 
   437 ;;  i               2    8[COMRAM] unsigned int 
   438 ;;  wait1           2    6[COMRAM] unsigned int 
   439 ;;  wait            2    4[COMRAM] unsigned int 
   440 ;;  j               2    0        unsigned int 
   441 ;; Return value:  Size  Location     Type
   442 ;;                  1    wreg      void 
   443 ;; Registers used:
   444 ;;		wreg, status,2, status,0
   445 ;; Tracked objects:
   446 ;;		On entry : 0/0
   447 ;;		On exit  : 0/0
   448 ;;		Unchanged: 0/0
   449 ;; Data sizes:     COMRAM   BANK0   BANK1   BANK2   BANK3   BANK4   BANK5
   450 ;;      Params:         0       0       0       0       0       0       0
   451 ;;      Locals:         7       0       0       0       0       0       0
   452 ;;      Temps:          3       0       0       0       0       0       0
   453 ;;      Totals:        10       0       0       0       0       0       0
   454 ;;Total ram usage:       10 bytes
   455 ;; Hardware stack levels used:    1
   456 ;; This function calls:
   457 ;;		Nothing
   458 ;; This function is called by:
   459 ;;		_main
   460 ;; This function uses a non-reentrant model
   461 ;;
   462                           
   463                           	psect	text4
   464  002E2C                     __ptext4:
   465                           	opt stack 0
   466  002E2C                     _glow_on_press:
   467                           	opt stack 30
   468                           
   469                           ;incstack = 0
   470                           ;glow_on_press@key stored from wreg
   471  002E2C  6E04               	movwf	glow_on_press@key,c
   472                           
   473                           ;main.c: 6: unsigned int i, j;
   474                           ;main.c: 7: unsigned int wait;
   475                           ;main.c: 8: unsigned int wait1;
   476                           ;main.c: 19: if (key == 0x0E)
   477  002E2E  0E0E               	movlw	14
   478  002E30  1804               	xorwf	glow_on_press@key,w,c
   479  002E32  A4D8               	btfss	status,2,c
   480  002E34  D038               	goto	l729
   481                           
   482                           ;main.c: 20: {
   483                           ;main.c: 21: PORTB = 0x00;
   484  002E36  0E00               	movlw	0
   485  002E38  6E81               	movwf	3969,c	;volatile
   486                           
   487                           ;main.c: 23: for(i = 0; i < 8; i++)
   488  002E3A  0E00               	movlw	0
   489  002E3C  6E0A               	movwf	glow_on_press@i+1,c
   490  002E3E  0E00               	movlw	0
   491  002E40  6E09               	movwf	glow_on_press@i,c
   492  002E42                     l711:
   493  002E42  500A               	movf	glow_on_press@i+1,w,c
   494  002E44  E130               	bnz	l729
   495  002E46  0E08               	movlw	8
   496  002E48  5C09               	subwf	glow_on_press@i,w,c
   497  002E4A  B0D8               	btfsc	status,0,c
   498  002E4C  D02C               	goto	l729
   499                           
   500                           ;main.c: 24: {
   501                           ;main.c: 25: PORTB = PORTB | 0x80 >> i;
   502  002E4E  C009  F001         	movff	glow_on_press@i,??_glow_on_press
   503  002E52  0E80               	movlw	128
   504  002E54  6E02               	movwf	(??_glow_on_press+1)& (0+255),c
   505  002E56  0E00               	movlw	0
   506  002E58  6E03               	movwf	(??_glow_on_press+2)& (0+255),c
   507  002E5A  2A01               	incf	??_glow_on_press,f,c
   508  002E5C  D003               	goto	u84
   509  002E5E                     u85:
   510  002E5E  3403               	rlcf	??_glow_on_press+2,w,c
   511  002E60  3203               	rrcf	??_glow_on_press+2,f,c
   512  002E62  3202               	rrcf	??_glow_on_press+1,f,c
   513  002E64                     u84:
   514  002E64  2E01               	decfsz	??_glow_on_press,f,c
   515  002E66  D7FB               	goto	u85
   516  002E68  5002               	movf	??_glow_on_press+1,w,c
   517  002E6A  1081               	iorwf	3969,w,c	;volatile
   518  002E6C  6E81               	movwf	3969,c	;volatile
   519                           
   520                           ;main.c: 27: for(wait = 500; wait--; )
   521  002E6E  0E01               	movlw	1
   522  002E70  6E06               	movwf	glow_on_press@wait+1,c
   523  002E72  0EF4               	movlw	244
   524  002E74  6E05               	movwf	glow_on_press@wait,c
   525  002E76  D00C               	goto	l723
   526  002E78                     l719:
   527                           
   528                           ;main.c: 28: for(wait1 = 500; wait1--; );
   529  002E78  0E01               	movlw	1
   530  002E7A  6E08               	movwf	glow_on_press@wait1+1,c
   531  002E7C  0EF4               	movlw	244
   532  002E7E  6E07               	movwf	glow_on_press@wait1,c
   533  002E80                     l721:
   534  002E80  0607               	decf	glow_on_press@wait1,f,c
   535  002E82  A0D8               	btfss	status,0,c
   536  002E84  0608               	decf	glow_on_press@wait1+1,f,c
   537  002E86  2807               	incf	glow_on_press@wait1,w,c
   538  002E88  E1FB               	bnz	l721
   539  002E8A  2808               	incf	glow_on_press@wait1+1,w,c
   540  002E8C  A4D8               	btfss	status,2,c
   541  002E8E  D7F8               	goto	l721
   542  002E90                     l723:
   543  002E90  0605               	decf	glow_on_press@wait,f,c
   544  002E92  A0D8               	btfss	status,0,c
   545  002E94  0606               	decf	glow_on_press@wait+1,f,c
   546  002E96  2805               	incf	glow_on_press@wait,w,c
   547  002E98  E1EF               	bnz	l719
   548  002E9A  2806               	incf	glow_on_press@wait+1,w,c
   549  002E9C  A4D8               	btfss	status,2,c
   550  002E9E  D7EC               	goto	l719
   551  002EA0  4A09               	infsnz	glow_on_press@i,f,c
   552  002EA2  2A0A               	incf	glow_on_press@i+1,f,c
   553  002EA4  D7CE               	goto	l711
   554  002EA6                     l729:
   555                           
   556                           ;main.c: 30: }
   557                           ;main.c: 31: }
   558                           ;main.c: 32: if (key == 0x0D)
   559  002EA6  0E0D               	movlw	13
   560  002EA8  1804               	xorwf	glow_on_press@key,w,c
   561  002EAA  A4D8               	btfss	status,2,c
   562  002EAC  D035               	goto	l751
   563                           
   564                           ;main.c: 33: {
   565                           ;main.c: 34: PORTB = 0x00;
   566  002EAE  0E00               	movlw	0
   567  002EB0  6E81               	movwf	3969,c	;volatile
   568                           
   569                           ;main.c: 36: for(i = 0; i < 8; i++)
   570  002EB2  0E00               	movlw	0
   571  002EB4  6E0A               	movwf	glow_on_press@i+1,c
   572  002EB6  0E00               	movlw	0
   573  002EB8  6E09               	movwf	glow_on_press@i,c
   574  002EBA                     l733:
   575  002EBA  500A               	movf	glow_on_press@i+1,w,c
   576  002EBC  E12D               	bnz	l751
   577  002EBE  0E08               	movlw	8
   578  002EC0  5C09               	subwf	glow_on_press@i,w,c
   579  002EC2  B0D8               	btfsc	status,0,c
   580  002EC4  D029               	goto	l751
   581                           
   582                           ;main.c: 37: {
   583                           ;main.c: 38: PORTB = PORTB | 0x01 << i;
   584  002EC6  C009  F001         	movff	glow_on_press@i,??_glow_on_press
   585  002ECA  0E01               	movlw	1
   586  002ECC  6E02               	movwf	(??_glow_on_press+1)& (0+255),c
   587  002ECE  2A01               	incf	??_glow_on_press,f,c
   588  002ED0  D002               	goto	u144
   589  002ED2                     u145:
   590  002ED2  90D8               	bcf	status,0,c
   591  002ED4  3602               	rlcf	??_glow_on_press+1,f,c
   592  002ED6                     u144:
   593  002ED6  2E01               	decfsz	??_glow_on_press,f,c
   594  002ED8  D7FC               	goto	u145
   595  002EDA  5002               	movf	??_glow_on_press+1,w,c
   596  002EDC  1081               	iorwf	3969,w,c	;volatile
   597  002EDE  6E81               	movwf	3969,c	;volatile
   598                           
   599                           ;main.c: 40: for(wait = 500; wait--; )
   600  002EE0  0E01               	movlw	1
   601  002EE2  6E06               	movwf	glow_on_press@wait+1,c
   602  002EE4  0EF4               	movlw	244
   603  002EE6  6E05               	movwf	glow_on_press@wait,c
   604  002EE8  D00C               	goto	l745
   605  002EEA                     l741:
   606                           
   607                           ;main.c: 41: for(wait1 = 500; wait1--; );
   608  002EEA  0E01               	movlw	1
   609  002EEC  6E08               	movwf	glow_on_press@wait1+1,c
   610  002EEE  0EF4               	movlw	244
   611  002EF0  6E07               	movwf	glow_on_press@wait1,c
   612  002EF2                     l743:
   613  002EF2  0607               	decf	glow_on_press@wait1,f,c
   614  002EF4  A0D8               	btfss	status,0,c
   615  002EF6  0608               	decf	glow_on_press@wait1+1,f,c
   616  002EF8  2807               	incf	glow_on_press@wait1,w,c
   617  002EFA  E1FB               	bnz	l743
   618  002EFC  2808               	incf	glow_on_press@wait1+1,w,c
   619  002EFE  A4D8               	btfss	status,2,c
   620  002F00  D7F8               	goto	l743
   621  002F02                     l745:
   622  002F02  0605               	decf	glow_on_press@wait,f,c
   623  002F04  A0D8               	btfss	status,0,c
   624  002F06  0606               	decf	glow_on_press@wait+1,f,c
   625  002F08  2805               	incf	glow_on_press@wait,w,c
   626  002F0A  E1EF               	bnz	l741
   627  002F0C  2806               	incf	glow_on_press@wait+1,w,c
   628  002F0E  A4D8               	btfss	status,2,c
   629  002F10  D7EC               	goto	l741
   630  002F12  4A09               	infsnz	glow_on_press@i,f,c
   631  002F14  2A0A               	incf	glow_on_press@i+1,f,c
   632  002F16  D7D1               	goto	l733
   633  002F18                     l751:
   634                           
   635                           ;main.c: 43: }
   636                           ;main.c: 44: }
   637                           ;main.c: 46: if (key == 0x0B)
   638  002F18  0E0B               	movlw	11
   639  002F1A  1804               	xorwf	glow_on_press@key,w,c
   640  002F1C  A4D8               	btfss	status,2,c
   641  002F1E  D037               	goto	l775
   642                           
   643                           ;main.c: 47: {
   644                           ;main.c: 48: PORTB = 0xFF;
   645  002F20  6881               	setf	3969,c	;volatile
   646                           
   647                           ;main.c: 50: for (i = 0; i < 8; i++)
   648  002F22  0E00               	movlw	0
   649  002F24  6E0A               	movwf	glow_on_press@i+1,c
   650  002F26  0E00               	movlw	0
   651  002F28  6E09               	movwf	glow_on_press@i,c
   652  002F2A                     l757:
   653  002F2A  500A               	movf	glow_on_press@i+1,w,c
   654  002F2C  E130               	bnz	l775
   655  002F2E  0E08               	movlw	8
   656  002F30  5C09               	subwf	glow_on_press@i,w,c
   657  002F32  B0D8               	btfsc	status,0,c
   658  002F34  D02C               	goto	l775
   659                           
   660                           ;main.c: 51: {
   661                           ;main.c: 52: PORTB = PORTB & 0x7f >> i;
   662  002F36  C009  F001         	movff	glow_on_press@i,??_glow_on_press
   663  002F3A  0E7F               	movlw	127
   664  002F3C  6E02               	movwf	(??_glow_on_press+1)& (0+255),c
   665  002F3E  0E00               	movlw	0
   666  002F40  6E03               	movwf	(??_glow_on_press+2)& (0+255),c
   667  002F42  2A01               	incf	??_glow_on_press,f,c
   668  002F44  D003               	goto	u204
   669  002F46                     u205:
   670  002F46  3403               	rlcf	??_glow_on_press+2,w,c
   671  002F48  3203               	rrcf	??_glow_on_press+2,f,c
   672  002F4A  3202               	rrcf	??_glow_on_press+1,f,c
   673  002F4C                     u204:
   674  002F4C  2E01               	decfsz	??_glow_on_press,f,c
   675  002F4E  D7FB               	goto	u205
   676  002F50  5002               	movf	??_glow_on_press+1,w,c
   677  002F52  1481               	andwf	3969,w,c	;volatile
   678  002F54  6E81               	movwf	3969,c	;volatile
   679                           
   680                           ;main.c: 53: for (wait = 500; wait--;)
   681  002F56  0E01               	movlw	1
   682  002F58  6E06               	movwf	glow_on_press@wait+1,c
   683  002F5A  0EF4               	movlw	244
   684  002F5C  6E05               	movwf	glow_on_press@wait,c
   685  002F5E  D00C               	goto	l769
   686  002F60                     l765:
   687                           
   688                           ;main.c: 54: for (wait1 = 500; wait1--;);
   689  002F60  0E01               	movlw	1
   690  002F62  6E08               	movwf	glow_on_press@wait1+1,c
   691  002F64  0EF4               	movlw	244
   692  002F66  6E07               	movwf	glow_on_press@wait1,c
   693  002F68                     l767:
   694  002F68  0607               	decf	glow_on_press@wait1,f,c
   695  002F6A  A0D8               	btfss	status,0,c
   696  002F6C  0608               	decf	glow_on_press@wait1+1,f,c
   697  002F6E  2807               	incf	glow_on_press@wait1,w,c
   698  002F70  E1FB               	bnz	l767
   699  002F72  2808               	incf	glow_on_press@wait1+1,w,c
   700  002F74  A4D8               	btfss	status,2,c
   701  002F76  D7F8               	goto	l767
   702  002F78                     l769:
   703  002F78  0605               	decf	glow_on_press@wait,f,c
   704  002F7A  A0D8               	btfss	status,0,c
   705  002F7C  0606               	decf	glow_on_press@wait+1,f,c
   706  002F7E  2805               	incf	glow_on_press@wait,w,c
   707  002F80  E1EF               	bnz	l765
   708  002F82  2806               	incf	glow_on_press@wait+1,w,c
   709  002F84  A4D8               	btfss	status,2,c
   710  002F86  D7EC               	goto	l765
   711  002F88  4A09               	infsnz	glow_on_press@i,f,c
   712  002F8A  2A0A               	incf	glow_on_press@i+1,f,c
   713  002F8C  D7CE               	goto	l757
   714  002F8E                     l775:
   715                           
   716                           ;main.c: 55: }
   717                           ;main.c: 56: }
   718                           ;main.c: 58: if (key == 0x07)
   719  002F8E  0E07               	movlw	7
   720  002F90  1804               	xorwf	glow_on_press@key,w,c
   721  002F92  A4D8               	btfss	status,2,c
   722  002F94  0012               	return	
   723                           
   724                           ;main.c: 59: {
   725                           ;main.c: 60: PORTB = 0xFF;
   726  002F96  6881               	setf	3969,c	;volatile
   727                           
   728                           ;main.c: 62: for (i = 0; i < 8; i++)
   729  002F98  0E00               	movlw	0
   730  002F9A  6E0A               	movwf	glow_on_press@i+1,c
   731  002F9C  0E00               	movlw	0
   732  002F9E  6E09               	movwf	glow_on_press@i,c
   733  002FA0                     l781:
   734  002FA0  500A               	movf	glow_on_press@i+1,w,c
   735  002FA2  E12D               	bnz	l67
   736  002FA4  0E08               	movlw	8
   737  002FA6  5C09               	subwf	glow_on_press@i,w,c
   738  002FA8  B0D8               	btfsc	status,0,c
   739  002FAA  0012               	return	
   740                           
   741                           ;main.c: 63: {
   742                           ;main.c: 64: PORTB = PORTB & 0xFC << i;
   743  002FAC  C009  F001         	movff	glow_on_press@i,??_glow_on_press
   744  002FB0  0EFC               	movlw	252
   745  002FB2  6E02               	movwf	(??_glow_on_press+1)& (0+255),c
   746  002FB4  2A01               	incf	??_glow_on_press,f,c
   747  002FB6  D002               	goto	u264
   748  002FB8                     u265:
   749  002FB8  90D8               	bcf	status,0,c
   750  002FBA  3602               	rlcf	??_glow_on_press+1,f,c
   751  002FBC                     u264:
   752  002FBC  2E01               	decfsz	??_glow_on_press,f,c
   753  002FBE  D7FC               	goto	u265
   754  002FC0  5002               	movf	??_glow_on_press+1,w,c
   755  002FC2  1481               	andwf	3969,w,c	;volatile
   756  002FC4  6E81               	movwf	3969,c	;volatile
   757                           
   758                           ;main.c: 66: for (wait = 500; wait--;)
   759  002FC6  0E01               	movlw	1
   760  002FC8  6E06               	movwf	glow_on_press@wait+1,c
   761  002FCA  0EF4               	movlw	244
   762  002FCC  6E05               	movwf	glow_on_press@wait,c
   763  002FCE  D00C               	goto	l793
   764  002FD0                     l789:
   765                           
   766                           ;main.c: 67: for (wait1 = 500; wait1--;);
   767  002FD0  0E01               	movlw	1
   768  002FD2  6E08               	movwf	glow_on_press@wait1+1,c
   769  002FD4  0EF4               	movlw	244
   770  002FD6  6E07               	movwf	glow_on_press@wait1,c
   771  002FD8                     l791:
   772  002FD8  0607               	decf	glow_on_press@wait1,f,c
   773  002FDA  A0D8               	btfss	status,0,c
   774  002FDC  0608               	decf	glow_on_press@wait1+1,f,c
   775  002FDE  2807               	incf	glow_on_press@wait1,w,c
   776  002FE0  E1FB               	bnz	l791
   777  002FE2  2808               	incf	glow_on_press@wait1+1,w,c
   778  002FE4  A4D8               	btfss	status,2,c
   779  002FE6  D7F8               	goto	l791
   780  002FE8                     l793:
   781  002FE8  0605               	decf	glow_on_press@wait,f,c
   782  002FEA  A0D8               	btfss	status,0,c
   783  002FEC  0606               	decf	glow_on_press@wait+1,f,c
   784  002FEE  2805               	incf	glow_on_press@wait,w,c
   785  002FF0  E1EF               	bnz	l789
   786  002FF2  2806               	incf	glow_on_press@wait+1,w,c
   787  002FF4  A4D8               	btfss	status,2,c
   788  002FF6  D7EC               	goto	l789
   789  002FF8  4A09               	infsnz	glow_on_press@i,f,c
   790  002FFA  2A0A               	incf	glow_on_press@i+1,f,c
   791  002FFC  D7D1               	goto	l781
   792  002FFE                     l67:
   793  002FFE  0012               	return		;funcret
   794  003000                     __end_of_glow_on_press:
   795                           	opt stack 0
   796  0000                     tblptru	equ	0xFF8
   797                           tblptrh	equ	0xFF7
   798                           tblptrl	equ	0xFF6
   799                           tablat	equ	0xFF5
   800                           status	equ	0xFD8
   801                           tblptru	equ	0xFF8
   802                           tblptrh	equ	0xFF7
   803                           tblptrl	equ	0xFF6
   804                           tablat	equ	0xFF5
   805                           status	equ	0xFD8
   806                           
   807                           	psect	rparam
   808  0000                     tblptru	equ	0xFF8
   809                           tblptrh	equ	0xFF7
   810                           tblptrl	equ	0xFF6
   811                           tablat	equ	0xFF5
   812                           status	equ	0xFD8


Data Sizes:
    Strings     0
    Constant    0
    Data        1
    BSS         0
    Persistent  0
    Stack       0

Auto Spaces:
    Space          Size  Autos    Used
    COMRAM           95     13      14
    BANK0           160      0       0
    BANK1           256      0       0
    BANK2           256      0       0
    BANK3           256      0       0
    BANK4           256      0       0
    BANK5           256      0       0

Pointer List with Targets:

    None.

Critical Paths under _main in COMRAM

    _main->_glow_on_press

Critical Paths under _main in BANK0

    None.

Critical Paths under _main in BANK1

    None.

Critical Paths under _main in BANK2

    None.

Critical Paths under _main in BANK3

    None.

Critical Paths under _main in BANK4

    None.

Critical Paths under _main in BANK5

    None.

Call Graph Tables:

 ---------------------------------------------------------------------------------
 (Depth) Function   	        Calls       Base Space   Used Autos Params    Refs
 ---------------------------------------------------------------------------------
 (0) _main                                                13    13      0     480
                                             10 COMRAM     3     3      0
                      _glow_on_press
                        _init_config
                _read_digital_keypad
 ---------------------------------------------------------------------------------
 (1) _read_digital_keypad                                  1     1      0      30
                                              0 COMRAM     1     1      0
 ---------------------------------------------------------------------------------
 (1) _init_config                                          0     0      0       0
                _init_digital_keypad
 ---------------------------------------------------------------------------------
 (2) _init_digital_keypad                                  0     0      0       0
 ---------------------------------------------------------------------------------
 (1) _glow_on_press                                       12    12      0     360
                                              0 COMRAM    10    10      0
 ---------------------------------------------------------------------------------
 Estimated maximum stack depth 2
 ---------------------------------------------------------------------------------

 Call Graph Graphs:

 _main (ROOT)
   _glow_on_press
   _init_config
     _init_digital_keypad
   _read_digital_keypad

 Address spaces:
Name               Size   Autos  Total    Cost      Usage
BIGRAM             5FF      0       0      16        0.0%
EEDATA             100      0       0       0        0.0%
BITBANK5           100      0       0      14        0.0%
BANK5              100      0       0      15        0.0%
BITBANK4           100      0       0      12        0.0%
BANK4              100      0       0      13        0.0%
BITBANK3           100      0       0      10        0.0%
BANK3              100      0       0      11        0.0%
BITBANK2           100      0       0       8        0.0%
BANK2              100      0       0       9        0.0%
BITBANK1           100      0       0       6        0.0%
BANK1              100      0       0       7        0.0%
BITBANK0            A0      0       0       4        0.0%
BANK0               A0      0       0       5        0.0%
BITCOMRAM           5F      0       0       0        0.0%
COMRAM              5F      D       E       1       14.7%
BITSFR_3             0      0       0      40        0.0%
SFR_3                0      0       0      40        0.0%
BITSFR_2             0      0       0      40        0.0%
SFR_2                0      0       0      40        0.0%
BITSFR_1             0      0       0      40        0.0%
SFR_1                0      0       0      40        0.0%
BITSFR               0      0       0      40        0.0%
SFR                  0      0       0      40        0.0%
STACK                0      0       0       2        0.0%
NULL                 0      0       0       0        0.0%
ABS                  0      0       E       3        0.0%
DATA                 0      0       E      17        0.0%
CODE                 0      0       0       0        0.0%


Microchip Technology PIC18 Macro Assembler V1.36 build -262312587 
Symbol Table                                                                                   Fri Dec 28 12:05:49 2018

                               l73 2DBA                                 l67 2FFE  
                               l76 2DE2                                 u84 2E64  
                               u85 2E5E                        __CFG_OSC$XT 000000  
                              l711 2E42                                l703 2E28  
                              l721 2E80                                l723 2E90  
                              l741 2EEA                                l733 2EBA  
                              l813 2DE8                                l743 2EF2  
                              l751 2F18                                l719 2E78  
                              l745 2F02                                l729 2EA6  
                              l781 2FA0                                l765 2F60  
                              l757 2F2A                                l693 2E12  
                              l791 2FD8                                l767 2F68  
                              l775 2F8E                                l687 2E0C  
                              l793 2FE8                                l769 2F78  
                              l697 2E22                                l789 2FD0  
                              u204 2F4C                                u205 2F46  
                              u144 2ED6                                u145 2ED2  
                              u264 2FBC                                u265 2FB8  
                     __CFG_LVP$OFF 000000                       __CFG_WDT$OFF 000000  
            ??_read_digital_keypad 0001                               _main 2DB6  
                 glow_on_press@key 0004                               start 0000  
                     ___param_bank 000010                              ?_main 0001  
                     ?_init_config 0001                              _PORTB 000F81  
                            _PORTC 000F82                              _TRISB 000F93  
                            _TRISC 000F94                              main@i 000B  
                   __CFG_BOREN$OFF 000000                              tablat 000FF5  
                glow_on_press@wait 0005                              status 000FD8  
                  __initialization 2D9E                       __end_of_main 2DF0  
           __size_of_glow_on_press 01D4                             ??_main 000B  
                    __activetblptr 000000                             _ADCON1 000FC1  
      __end_of_init_digital_keypad 2D8C                       __pdataCOMRAM 000E  
                           tblptrh 000FF7                             tblptrl 000FF6  
                           tblptru 000FF8                 glow_on_press@wait1 0007  
                    _glow_on_press 2E2C                         __accesstop 0060  
          __end_of__initialization 2DB0                    __CFG_PBADEN$OFF 000000  
                    ___rparam_used 000001                     __pcstackCOMRAM 0001  
             __size_of_init_config 0012                     ?_glow_on_press 0001  
      __end_of_read_digital_keypad 2E2C                            __Hparam 0000  
                          __Lparam 0000                            __pcinit 2D9E  
                          __ramtop 0600                            __ptext0 2DB6  
                          __ptext1 2DF0                            __ptext2 2D8C  
                          __ptext3 2D84                            __ptext4 2E2C  
                  ??_glow_on_press 0001                            main@key 000D  
             end_of_initialization 2DB0                     glow_on_press@i 0009  
     __size_of_init_digital_keypad 0008                      __pidataCOMRAM 3000  
              start_initialization 2D9E                      ??_init_config 0001  
              __end_of_init_config 2D9E       __size_of_read_digital_keypad 003C  
read_digital_keypad@detection_type 0001              __end_of_glow_on_press 3000  
              _init_digital_keypad 2D84                           __Hrparam 0000  
                         __Lrparam 0000               ?_init_digital_keypad 0001  
                      _init_config 2D8C                      __size_of_main 003A  
          read_digital_keypad@once 000E              ??_init_digital_keypad 0001  
              _read_digital_keypad 2DF0               ?_read_digital_keypad 0001  
