

Microchip Technology PIC18 LITE Macro Assembler V1.36 build -262312587 
                                                                                               Wed Jan  9 10:09:10 2019

Microchip Technology Omniscient Code Generator v1.36 (Free mode) build 201601150325
     1                           	processor	18F4580
     2                           	fnconf	rparam,??,?,0
     3                           	opt	pw 120
     4                           	opt	lm
     5                           	psect	smallconst,global,reloc=2,class=SMALLCONST,delta=1
     6                           	psect	cinit,global,reloc=2,class=CODE,delta=1
     7                           	psect	cstackCOMRAM,global,class=COMRAM,space=1,delta=1
     8                           	psect	text0,global,reloc=2,class=CODE,delta=1
     9                           	psect	text1,global,reloc=2,class=CODE,delta=1
    10                           	psect	text2,global,reloc=2,class=CODE,delta=1
    11                           	psect	text3,global,reloc=2,class=CODE,delta=1
    12                           	psect	text4,global,reloc=2,class=CODE,delta=1
    13                           	psect	text5,global,reloc=2,class=CODE,delta=1
    14                           	psect	text6,global,reloc=2,class=CODE,delta=1
    15                           	psect	intsave_regs,global,class=BIGRAM,space=1,delta=1
    16                           	psect	rparam,global,class=COMRAM,space=1,delta=1
    17  0000                     _RCREG	set	4014
    18  0000                     _SPBRG	set	4015
    19  0000                     _TXREG	set	4013
    20  0000                     _ABDEN	set	32192
    21  0000                     _ABDOVF	set	32199
    22  0000                     _ADDEN	set	32091
    23  0000                     _BRG16	set	32195
    24  0000                     _BRGH	set	32098
    25  0000                     _CREN	set	32092
    26  0000                     _CSRC	set	32103
    27  0000                     _FERR	set	32090
    28  0000                     _OERR	set	32089
    29  0000                     _RCIDL	set	32198
    30  0000                     _RCIE	set	31981
    31  0000                     _RCIF	set	31989
    32  0000                     _RX9	set	32094
    33  0000                     _RX9D	set	32088
    34  0000                     _SCKP	set	32196
    35  0000                     _SENDB	set	32099
    36  0000                     _SPEN	set	32095
    37  0000                     _SREN	set	32093
    38  0000                     _SYNC	set	32100
    39  0000                     _TRISC6	set	31910
    40  0000                     _TRISC7	set	31911
    41  0000                     _TRMT	set	32097
    42  0000                     _TX9	set	32102
    43  0000                     _TX9D	set	32096
    44  0000                     _TXEN	set	32101
    45  0000                     _TXIE	set	31980
    46  0000                     _TXIF	set	31988
    47  0000                     _WUE	set	32193
    48                           
    49                           	psect	smallconst
    50  000600                     __psmallconst:
    51                           	opt stack 0
    52  000600  00                 	db	0
    53  000601                     STR_1:
    54  000601  45                 	db	69	;'E'
    55  000602  6D                 	db	109	;'m'
    56  000603  65                 	db	101	;'e'
    57  000604  72                 	db	114	;'r'
    58  000605  74                 	db	116	;'t'
    59  000606  78                 	db	120	;'x'
    60  000607  65                 	db	101	;'e'
    61  000608  20                 	db	32
    62  000609  49                 	db	73	;'I'
    63  00060A  6E                 	db	110	;'n'
    64  00060B  66                 	db	102	;'f'
    65  00060C  6F                 	db	111	;'o'
    66  00060D  72                 	db	114	;'r'
    67  00060E  6D                 	db	109	;'m'
    68  00060F  61                 	db	97	;'a'
    69  000610  74                 	db	116	;'t'
    70  000611  69                 	db	105	;'i'
    71  000612  6F                 	db	111	;'o'
    72  000613  6E                 	db	110	;'n'
    73  000614  20                 	db	32
    74  000615  54                 	db	84	;'T'
    75  000616  65                 	db	101	;'e'
    76  000617  63                 	db	99	;'c'
    77  000618  68                 	db	104	;'h'
    78  000619  6E                 	db	110	;'n'
    79  00061A  6F                 	db	111	;'o'
    80  00061B  6C                 	db	108	;'l'
    81  00061C  6F                 	db	111	;'o'
    82  00061D  67                 	db	103	;'g'
    83  00061E  69                 	db	105	;'i'
    84  00061F  65                 	db	101	;'e'
    85  000620  73                 	db	115	;'s'
    86  000621  2E                 	db	46
    87  000622  20                 	db	32
    88  000623  50                 	db	80	;'P'
    89  000624  72                 	db	114	;'r'
    90  000625  65                 	db	101	;'e'
    91  000626  73                 	db	115	;'s'
    92  000627  73                 	db	115	;'s'
    93  000628  20                 	db	32
    94  000629  61                 	db	97	;'a'
    95  00062A  6E                 	db	110	;'n'
    96  00062B  79                 	db	121	;'y'
    97  00062C  20                 	db	32
    98  00062D  6B                 	db	107	;'k'
    99  00062E  65                 	db	101	;'e'
   100  00062F  79                 	db	121	;'y'
   101  000630  20                 	db	32
   102  000631  74                 	db	116	;'t'
   103  000632  6F                 	db	111	;'o'
   104  000633  20                 	db	32
   105  000634  63                 	db	99	;'c'
   106  000635  6F                 	db	111	;'o'
   107  000636  6E                 	db	110	;'n'
   108  000637  74                 	db	116	;'t'
   109  000638  69                 	db	105	;'i'
   110  000639  6E                 	db	110	;'n'
   111  00063A  75                 	db	117	;'u'
   112  00063B  65                 	db	101	;'e'
   113  00063C  0A                 	db	10
   114  00063D  0D                 	db	13
   115  00063E  00                 	db	0
   116  00063F                     STR_3:
   117  00063F  59                 	db	89	;'Y'
   118  000640  6F                 	db	111	;'o'
   119  000641  75                 	db	117	;'u'
   120  000642  20                 	db	32
   121  000643  73                 	db	115	;'s'
   122  000644  68                 	db	104	;'h'
   123  000645  6F                 	db	111	;'o'
   124  000646  75                 	db	117	;'u'
   125  000647  6C                 	db	108	;'l'
   126  000648  64                 	db	100	;'d'
   127  000649  20                 	db	32
   128  00064A  67                 	db	103	;'g'
   129  00064B  65                 	db	101	;'e'
   130  00064C  74                 	db	116	;'t'
   131  00064D  20                 	db	32
   132  00064E  62                 	db	98	;'b'
   133  00064F  61                 	db	97	;'a'
   134  000650  63                 	db	99	;'c'
   135  000651  6B                 	db	107	;'k'
   136  000652  20                 	db	32
   137  000653  77                 	db	119	;'w'
   138  000654  68                 	db	104	;'h'
   139  000655  61                 	db	97	;'a'
   140  000656  74                 	db	116	;'t'
   141  000657  65                 	db	101	;'e'
   142  000658  76                 	db	118	;'v'
   143  000659  65                 	db	101	;'e'
   144  00065A  72                 	db	114	;'r'
   145  00065B  20                 	db	32
   146  00065C  79                 	db	121	;'y'
   147  00065D  6F                 	db	111	;'o'
   148  00065E  75                 	db	117	;'u'
   149  00065F  20                 	db	32
   150  000660  74                 	db	116	;'t'
   151  000661  79                 	db	121	;'y'
   152  000662  70                 	db	112	;'p'
   153  000663  65                 	db	101	;'e'
   154  000664  3A                 	db	58	;':'
   155  000665  0A                 	db	10
   156  000666  0D                 	db	13
   157  000667  00                 	db	0
   158  000668                     STR_2:
   159  000668  57                 	db	87	;'W'
   160  000669  65                 	db	101	;'e'
   161  00066A  6C                 	db	108	;'l'
   162  00066B  63                 	db	99	;'c'
   163  00066C  6F                 	db	111	;'o'
   164  00066D  6D                 	db	109	;'m'
   165  00066E  65                 	db	101	;'e'
   166  00066F  2E                 	db	46
   167  000670  20                 	db	32
   168  000671  54                 	db	84	;'T'
   169  000672  68                 	db	104	;'h'
   170  000673  69                 	db	105	;'i'
   171  000674  73                 	db	115	;'s'
   172  000675  20                 	db	32
   173  000676  69                 	db	105	;'i'
   174  000677  73                 	db	115	;'s'
   175  000678  20                 	db	32
   176  000679  55                 	db	85	;'U'
   177  00067A  41                 	db	65	;'A'
   178  00067B  52                 	db	82	;'R'
   179  00067C  54                 	db	84	;'T'
   180  00067D  20                 	db	32
   181  00067E  54                 	db	84	;'T'
   182  00067F  65                 	db	101	;'e'
   183  000680  73                 	db	115	;'s'
   184  000681  74                 	db	116	;'t'
   185  000682  20                 	db	32
   186  000683  43                 	db	67	;'C'
   187  000684  6F                 	db	111	;'o'
   188  000685  64                 	db	100	;'d'
   189  000686  65                 	db	101	;'e'
   190  000687  2E                 	db	46
   191  000688  0A                 	db	10
   192  000689  0D                 	db	13
   193  00068A  00                 	db	0
   194                           
   195                           ; #config settings
   196  00068B  00                 	db	0	; dummy byte at the end
   197  0000                     
   198                           	psect	cinit
   199  00072C                     __pcinit:
   200                           	opt stack 0
   201  00072C                     start_initialization:
   202                           	opt stack 0
   203  00072C                     __initialization:
   204                           	opt stack 0
   205  00072C                     end_of_initialization:
   206                           	opt stack 0
   207  00072C                     __end_of__initialization:
   208                           	opt stack 0
   209  00072C  0E00               	movlw	low (__Lsmallconst shr (0+16))
   210  00072E  6EF8               	movwf	tblptru,c
   211  000730  0E06               	movlw	high __Lsmallconst
   212  000732  6EF7               	movwf	tblptrh,c
   213  000734  0100               	movlb	0
   214  000736  EF7A  F003         	goto	_main	;jump to C main() function
   215                           tblptru	equ	0xFF8
   216                           tblptrh	equ	0xFF7
   217                           
   218                           	psect	cstackCOMRAM
   219  000001                     __pcstackCOMRAM:
   220                           	opt stack 0
   221  000001                     putch@byte:
   222                           	opt stack 0
   223                           
   224                           ; 1 bytes @ 0x0
   225  000001                     	ds	1
   226  000002                     getche@c:
   227                           	opt stack 0
   228  000002                     puts@s:
   229                           	opt stack 0
   230                           
   231                           ; 2 bytes @ 0x1
   232  000002                     	ds	2
   233  000004                     tblptru	equ	0xFF8
   234                           tblptrh	equ	0xFF7
   235                           
   236                           ; 1 bytes @ 0x3
   237 ;;
   238 ;;Main: autosize = 0, tempsize = 0, incstack = 0, save=0
   239 ;;
   240 ;; *************** function _main *****************
   241 ;; Defined at:
   242 ;;		line 13 in file "main.c"
   243 ;; Parameters:    Size  Location     Type
   244 ;;		None
   245 ;; Auto vars:     Size  Location     Type
   246 ;;  c               1    0        unsigned char 
   247 ;; Return value:  Size  Location     Type
   248 ;;                  1    wreg      void 
   249 ;; Registers used:
   250 ;;		wreg, status,2, status,0, tblptrl, tblptrh, tblptru, cstack
   251 ;; Tracked objects:
   252 ;;		On entry : 0/0
   253 ;;		On exit  : 0/0
   254 ;;		Unchanged: 0/0
   255 ;; Data sizes:     COMRAM   BANK0   BANK1   BANK2   BANK3   BANK4   BANK5
   256 ;;      Params:         0       0       0       0       0       0       0
   257 ;;      Locals:         0       0       0       0       0       0       0
   258 ;;      Temps:          0       0       0       0       0       0       0
   259 ;;      Totals:         0       0       0       0       0       0       0
   260 ;;Total ram usage:        0 bytes
   261 ;; Hardware stack levels required when called:    3
   262 ;; This function calls:
   263 ;;		_getche
   264 ;;		_init_config
   265 ;;		_puts
   266 ;; This function is called by:
   267 ;;		Startup code after reset
   268 ;; This function uses a non-reentrant model
   269 ;;
   270                           
   271                           	psect	text0
   272  0006F4                     __ptext0:
   273                           	opt stack 0
   274  0006F4                     _main:
   275                           	opt stack 28
   276                           
   277                           ;main.c: 15: char c;
   278                           ;main.c: 17: init_config();
   279                           
   280                           ;incstack = 0
   281  0006F4  EC8B  F003         	call	_init_config	;wreg free
   282                           
   283                           ;main.c: 19: puts("Welcome. This is UART Test Code.\n\r");
   284  0006F8  0E68               	movlw	low STR_2
   285  0006FA  6E02               	movwf	puts@s,c
   286  0006FC  0E06               	movlw	high STR_2
   287  0006FE  6E03               	movwf	puts@s+1,c
   288  000700  EC65  F003         	call	_puts	;wreg free
   289                           
   290                           ;main.c: 20: puts("You should get back whatever you type:\n\r");
   291  000704  0E3F               	movlw	low STR_3
   292  000706  6E02               	movwf	puts@s,c
   293  000708  0E06               	movlw	high STR_3
   294  00070A  6E03               	movwf	puts@s+1,c
   295  00070C  EC65  F003         	call	_puts	;wreg free
   296  000710                     l777:
   297                           
   298                           ;main.c: 23: {
   299                           ;main.c: 24: getche();
   300  000710  EC9D  F003         	call	_getche	;wreg free
   301  000714  D7FD               	goto	l777
   302  000716                     __end_of_main:
   303                           	opt stack 0
   304                           tblptru	equ	0xFF8
   305                           tblptrh	equ	0xFF7
   306                           
   307 ;; *************** function _init_config *****************
   308 ;; Defined at:
   309 ;;		line 5 in file "main.c"
   310 ;; Parameters:    Size  Location     Type
   311 ;;		None
   312 ;; Auto vars:     Size  Location     Type
   313 ;;		None
   314 ;; Return value:  Size  Location     Type
   315 ;;                  1    wreg      void 
   316 ;; Registers used:
   317 ;;		wreg, status,2, status,0, tblptrl, tblptrh, tblptru, cstack
   318 ;; Tracked objects:
   319 ;;		On entry : 0/0
   320 ;;		On exit  : 0/0
   321 ;;		Unchanged: 0/0
   322 ;; Data sizes:     COMRAM   BANK0   BANK1   BANK2   BANK3   BANK4   BANK5
   323 ;;      Params:         0       0       0       0       0       0       0
   324 ;;      Locals:         0       0       0       0       0       0       0
   325 ;;      Temps:          0       0       0       0       0       0       0
   326 ;;      Totals:         0       0       0       0       0       0       0
   327 ;;Total ram usage:        0 bytes
   328 ;; Hardware stack levels used:    1
   329 ;; Hardware stack levels required when called:    2
   330 ;; This function calls:
   331 ;;		_getch
   332 ;;		_init_uart
   333 ;;		_puts
   334 ;; This function is called by:
   335 ;;		_main
   336 ;; This function uses a non-reentrant model
   337 ;;
   338                           
   339                           	psect	text1
   340  000716                     __ptext1:
   341                           	opt stack 0
   342  000716                     _init_config:
   343                           	opt stack 28
   344                           
   345                           ;main.c: 7: init_uart();
   346                           
   347                           ;incstack = 0
   348  000716  EC46  F003         	call	_init_uart	;wreg free
   349                           
   350                           ;main.c: 9: puts("Emertxe Information Technologies. Press any key to continue\n\r");
   351  00071A  0E01               	movlw	low STR_1
   352  00071C  6E02               	movwf	puts@s,c
   353  00071E  0E06               	movlw	high STR_1
   354  000720  6E03               	movwf	puts@s+1,c
   355  000722  EC65  F003         	call	_puts	;wreg free
   356                           
   357                           ;main.c: 10: getch();
   358  000726  ECAA  F003         	call	_getch	;wreg free
   359  00072A  0012               	return		;funcret
   360  00072C                     __end_of_init_config:
   361                           	opt stack 0
   362                           tblptru	equ	0xFF8
   363                           tblptrh	equ	0xFF7
   364                           
   365 ;; *************** function _puts *****************
   366 ;; Defined at:
   367 ;;		line 90 in file "uart.c"
   368 ;; Parameters:    Size  Location     Type
   369 ;;  s               2    1[COMRAM] PTR const unsigned char 
   370 ;;		 -> STR_3(41), STR_2(35), STR_1(62), 
   371 ;; Auto vars:     Size  Location     Type
   372 ;;		None
   373 ;; Return value:  Size  Location     Type
   374 ;;                  2    1[COMRAM] int 
   375 ;; Registers used:
   376 ;;		wreg, status,2, status,0, tblptrl, tblptrh, tblptru, cstack
   377 ;; Tracked objects:
   378 ;;		On entry : 0/0
   379 ;;		On exit  : 0/0
   380 ;;		Unchanged: 0/0
   381 ;; Data sizes:     COMRAM   BANK0   BANK1   BANK2   BANK3   BANK4   BANK5
   382 ;;      Params:         2       0       0       0       0       0       0
   383 ;;      Locals:         0       0       0       0       0       0       0
   384 ;;      Temps:          0       0       0       0       0       0       0
   385 ;;      Totals:         2       0       0       0       0       0       0
   386 ;;Total ram usage:        2 bytes
   387 ;; Hardware stack levels used:    1
   388 ;; Hardware stack levels required when called:    1
   389 ;; This function calls:
   390 ;;		_putch
   391 ;; This function is called by:
   392 ;;		_init_config
   393 ;;		_main
   394 ;; This function uses a non-reentrant model
   395 ;;
   396                           
   397                           	psect	text2
   398  0006CA                     __ptext2:
   399                           	opt stack 0
   400  0006CA                     _puts:
   401                           	opt stack 29
   402                           
   403                           ;uart.c: 92: while(*s)
   404                           
   405                           ;incstack = 0
   406  0006CA  D00A               	goto	l767
   407  0006CC                     l763:
   408                           
   409                           ;uart.c: 93: {
   410                           ;uart.c: 94: putch(*s++);
   411  0006CC  C002  FFF6         	movff	puts@s,tblptrl
   412  0006D0  C003  FFF7         	movff	puts@s+1,tblptrh
   413  0006D4                     	if	0	;tblptru may be non-zero
   414  0006D4                     	endif
   415  0006D4                     	if	0	;tblptru may be non-zero
   416  0006D4                     	endif
   417  0006D4  0008               	tblrd		*
   418  0006D6  50F5               	movf	tablat,w,c
   419  0006D8  ECA4  F003         	call	_putch
   420  0006DC  4A02               	infsnz	puts@s,f,c
   421  0006DE  2A03               	incf	puts@s+1,f,c
   422  0006E0                     l767:
   423  0006E0  C002  FFF6         	movff	puts@s,tblptrl
   424  0006E4  C003  FFF7         	movff	puts@s+1,tblptrh
   425  0006E8                     	if	0	;tblptru may be non-zero
   426  0006E8                     	endif
   427  0006E8                     	if	0	;tblptru may be non-zero
   428  0006E8                     	endif
   429  0006E8  0008               	tblrd		*
   430  0006EA  50F5               	movf	tablat,w,c
   431  0006EC  0900               	iorlw	0
   432  0006EE  B4D8               	btfsc	status,2,c
   433  0006F0  0012               	return	
   434  0006F2  D7EC               	goto	l763
   435  0006F4                     __end_of_puts:
   436                           	opt stack 0
   437                           tblptru	equ	0xFF8
   438                           tblptrh	equ	0xFF7
   439                           tblptrl	equ	0xFF6
   440                           tablat	equ	0xFF5
   441                           status	equ	0xFD8
   442                           
   443 ;; *************** function _init_uart *****************
   444 ;; Defined at:
   445 ;;		line 4 in file "uart.c"
   446 ;; Parameters:    Size  Location     Type
   447 ;;		None
   448 ;; Auto vars:     Size  Location     Type
   449 ;;		None
   450 ;; Return value:  Size  Location     Type
   451 ;;                  1    wreg      void 
   452 ;; Registers used:
   453 ;;		wreg, status,2
   454 ;; Tracked objects:
   455 ;;		On entry : 0/0
   456 ;;		On exit  : 0/0
   457 ;;		Unchanged: 0/0
   458 ;; Data sizes:     COMRAM   BANK0   BANK1   BANK2   BANK3   BANK4   BANK5
   459 ;;      Params:         0       0       0       0       0       0       0
   460 ;;      Locals:         0       0       0       0       0       0       0
   461 ;;      Temps:          0       0       0       0       0       0       0
   462 ;;      Totals:         0       0       0       0       0       0       0
   463 ;;Total ram usage:        0 bytes
   464 ;; Hardware stack levels used:    1
   465 ;; This function calls:
   466 ;;		Nothing
   467 ;; This function is called by:
   468 ;;		_init_config
   469 ;; This function uses a non-reentrant model
   470 ;;
   471                           
   472                           	psect	text3
   473  00068C                     __ptext3:
   474                           	opt stack 0
   475  00068C                     _init_uart:
   476                           	opt stack 29
   477                           
   478                           ;uart.c: 7: TRISC7 = 1;
   479                           
   480                           ;incstack = 0
   481  00068C  8E94               	bsf	3988,7,c	;volatile
   482                           
   483                           ;uart.c: 8: TRISC6 = 0;
   484  00068E  9C94               	bcf	3988,6,c	;volatile
   485                           
   486                           ;uart.c: 13: CSRC = 0;
   487  000690  9EAC               	bcf	4012,7,c	;volatile
   488                           
   489                           ;uart.c: 15: TX9 = 0;
   490  000692  9CAC               	bcf	4012,6,c	;volatile
   491                           
   492                           ;uart.c: 17: TXEN = 1;
   493  000694  8AAC               	bsf	4012,5,c	;volatile
   494                           
   495                           ;uart.c: 20: SYNC = 0;
   496  000696  98AC               	bcf	4012,4,c	;volatile
   497                           
   498                           ;uart.c: 22: SENDB = 0;
   499  000698  96AC               	bcf	4012,3,c	;volatile
   500                           
   501                           ;uart.c: 25: BRGH = 1;
   502  00069A  84AC               	bsf	4012,2,c	;volatile
   503                           
   504                           ;uart.c: 27: TRMT = 0;
   505  00069C  92AC               	bcf	4012,1,c	;volatile
   506                           
   507                           ;uart.c: 29: TX9D = 0;
   508  00069E  90AC               	bcf	4012,0,c	;volatile
   509                           
   510                           ;uart.c: 34: SPEN = 1;
   511  0006A0  8EAB               	bsf	4011,7,c	;volatile
   512                           
   513                           ;uart.c: 36: RX9 = 0;
   514  0006A2  9CAB               	bcf	4011,6,c	;volatile
   515                           
   516                           ;uart.c: 38: SREN = 0;
   517  0006A4  9AAB               	bcf	4011,5,c	;volatile
   518                           
   519                           ;uart.c: 40: CREN = 1;
   520  0006A6  88AB               	bsf	4011,4,c	;volatile
   521                           
   522                           ;uart.c: 42: ADDEN = 0;
   523  0006A8  96AB               	bcf	4011,3,c	;volatile
   524                           
   525                           ;uart.c: 44: FERR = 0;
   526  0006AA  94AB               	bcf	4011,2,c	;volatile
   527                           
   528                           ;uart.c: 46: OERR = 0;
   529  0006AC  92AB               	bcf	4011,1,c	;volatile
   530                           
   531                           ;uart.c: 48: RX9D = 0;
   532  0006AE  90AB               	bcf	4011,0,c	;volatile
   533                           
   534                           ;uart.c: 53: ABDOVF = 0;
   535  0006B0  9EB8               	bcf	4024,7,c	;volatile
   536                           
   537                           ;uart.c: 55: RCIDL = 1;
   538  0006B2  8CB8               	bsf	4024,6,c	;volatile
   539                           
   540                           ;uart.c: 57: SCKP = 0;
   541  0006B4  98B8               	bcf	4024,4,c	;volatile
   542                           
   543                           ;uart.c: 59: BRG16 = 0;
   544  0006B6  96B8               	bcf	4024,3,c	;volatile
   545                           
   546                           ;uart.c: 61: WUE = 0;
   547  0006B8  92B8               	bcf	4024,1,c	;volatile
   548                           
   549                           ;uart.c: 63: ABDEN = 0;
   550  0006BA  90B8               	bcf	4024,0,c	;volatile
   551                           
   552                           ;uart.c: 67: SPBRG = 129;
   553  0006BC  0E81               	movlw	129
   554  0006BE  6EAF               	movwf	4015,c	;volatile
   555                           
   556                           ;uart.c: 70: TXIE = 1;
   557  0006C0  889D               	bsf	3997,4,c	;volatile
   558                           
   559                           ;uart.c: 72: TXIF = 0;
   560  0006C2  989E               	bcf	3998,4,c	;volatile
   561                           
   562                           ;uart.c: 74: RCIE = 1;
   563  0006C4  8A9D               	bsf	3997,5,c	;volatile
   564                           
   565                           ;uart.c: 76: RCIF = 0;
   566  0006C6  9A9E               	bcf	3998,5,c	;volatile
   567  0006C8  0012               	return		;funcret
   568  0006CA                     __end_of_init_uart:
   569                           	opt stack 0
   570                           tblptru	equ	0xFF8
   571                           tblptrh	equ	0xFF7
   572                           tblptrl	equ	0xFF6
   573                           tablat	equ	0xFF5
   574                           status	equ	0xFD8
   575                           
   576 ;; *************** function _getche *****************
   577 ;; Defined at:
   578 ;;		line 112 in file "uart.c"
   579 ;; Parameters:    Size  Location     Type
   580 ;;		None
   581 ;; Auto vars:     Size  Location     Type
   582 ;;  c               1    1[COMRAM] unsigned char 
   583 ;; Return value:  Size  Location     Type
   584 ;;                  1    wreg      unsigned char 
   585 ;; Registers used:
   586 ;;		wreg, status,2, cstack
   587 ;; Tracked objects:
   588 ;;		On entry : 0/0
   589 ;;		On exit  : 0/0
   590 ;;		Unchanged: 0/0
   591 ;; Data sizes:     COMRAM   BANK0   BANK1   BANK2   BANK3   BANK4   BANK5
   592 ;;      Params:         0       0       0       0       0       0       0
   593 ;;      Locals:         1       0       0       0       0       0       0
   594 ;;      Temps:          0       0       0       0       0       0       0
   595 ;;      Totals:         1       0       0       0       0       0       0
   596 ;;Total ram usage:        1 bytes
   597 ;; Hardware stack levels used:    1
   598 ;; Hardware stack levels required when called:    1
   599 ;; This function calls:
   600 ;;		_getch
   601 ;;		_putch
   602 ;; This function is called by:
   603 ;;		_main
   604 ;; This function uses a non-reentrant model
   605 ;;
   606                           
   607                           	psect	text4
   608  00073A                     __ptext4:
   609                           	opt stack 0
   610  00073A                     _getche:
   611                           	opt stack 29
   612                           
   613                           ;uart.c: 114: unsigned char c;
   614                           ;uart.c: 116: putch(c = getch());
   615                           
   616                           ;incstack = 0
   617  00073A  ECAA  F003         	call	_getch	;wreg free
   618  00073E  6E02               	movwf	getche@c,c
   619  000740  5002               	movf	getche@c,w,c
   620  000742  ECA4  F003         	call	_putch
   621  000746  0012               	return	
   622  000748                     __end_of_getche:
   623                           	opt stack 0
   624                           tblptru	equ	0xFF8
   625                           tblptrh	equ	0xFF7
   626                           tblptrl	equ	0xFF6
   627                           tablat	equ	0xFF5
   628                           status	equ	0xFD8
   629                           
   630 ;; *************** function _putch *****************
   631 ;; Defined at:
   632 ;;		line 79 in file "uart.c"
   633 ;; Parameters:    Size  Location     Type
   634 ;;  byte            1    wreg     unsigned char 
   635 ;; Auto vars:     Size  Location     Type
   636 ;;  byte            1    0[COMRAM] unsigned char 
   637 ;; Return value:  Size  Location     Type
   638 ;;                  1    wreg      void 
   639 ;; Registers used:
   640 ;;		wreg
   641 ;; Tracked objects:
   642 ;;		On entry : 0/0
   643 ;;		On exit  : 0/0
   644 ;;		Unchanged: 0/0
   645 ;; Data sizes:     COMRAM   BANK0   BANK1   BANK2   BANK3   BANK4   BANK5
   646 ;;      Params:         0       0       0       0       0       0       0
   647 ;;      Locals:         1       0       0       0       0       0       0
   648 ;;      Temps:          0       0       0       0       0       0       0
   649 ;;      Totals:         1       0       0       0       0       0       0
   650 ;;Total ram usage:        1 bytes
   651 ;; Hardware stack levels used:    1
   652 ;; This function calls:
   653 ;;		Nothing
   654 ;; This function is called by:
   655 ;;		_puts
   656 ;;		_getche
   657 ;; This function uses a non-reentrant model
   658 ;;
   659                           
   660                           	psect	text5
   661  000748                     __ptext5:
   662                           	opt stack 0
   663  000748                     _putch:
   664                           	opt stack 29
   665                           
   666                           ;incstack = 0
   667                           ;putch@byte stored from wreg
   668  000748  6E01               	movwf	putch@byte,c
   669  00074A                     l85:
   670  00074A  A89E               	btfss	3998,4,c	;volatile
   671  00074C  D7FE               	goto	l85
   672                           
   673                           ;uart.c: 86: }
   674                           ;uart.c: 87: TXREG = byte;
   675  00074E  C001  FFAD         	movff	putch@byte,4013	;volatile
   676  000752  0012               	return		;funcret
   677  000754                     __end_of_putch:
   678                           	opt stack 0
   679                           tblptru	equ	0xFF8
   680                           tblptrh	equ	0xFF7
   681                           tblptrl	equ	0xFF6
   682                           tablat	equ	0xFF5
   683                           status	equ	0xFD8
   684                           
   685 ;; *************** function _getch *****************
   686 ;; Defined at:
   687 ;;		line 100 in file "uart.c"
   688 ;; Parameters:    Size  Location     Type
   689 ;;		None
   690 ;; Auto vars:     Size  Location     Type
   691 ;;		None
   692 ;; Return value:  Size  Location     Type
   693 ;;                  1    wreg      unsigned char 
   694 ;; Registers used:
   695 ;;		wreg, status,2
   696 ;; Tracked objects:
   697 ;;		On entry : 0/0
   698 ;;		On exit  : 0/0
   699 ;;		Unchanged: 0/0
   700 ;; Data sizes:     COMRAM   BANK0   BANK1   BANK2   BANK3   BANK4   BANK5
   701 ;;      Params:         0       0       0       0       0       0       0
   702 ;;      Locals:         0       0       0       0       0       0       0
   703 ;;      Temps:          0       0       0       0       0       0       0
   704 ;;      Totals:         0       0       0       0       0       0       0
   705 ;;Total ram usage:        0 bytes
   706 ;; Hardware stack levels used:    1
   707 ;; This function calls:
   708 ;;		Nothing
   709 ;; This function is called by:
   710 ;;		_init_config
   711 ;;		_getche
   712 ;; This function uses a non-reentrant model
   713 ;;
   714                           
   715                           	psect	text6
   716  000754                     __ptext6:
   717                           	opt stack 0
   718  000754                     _getch:
   719                           	opt stack 29
   720  000754                     l97:
   721  000754  AA9E               	btfss	3998,5,c	;volatile
   722  000756  D7FE               	goto	l97
   723                           
   724                           ;uart.c: 107: }
   725                           ;uart.c: 109: return RCREG;
   726  000758  50AE               	movf	4014,w,c	;volatile
   727  00075A  0012               	return	
   728  00075C                     __end_of_getch:
   729                           	opt stack 0
   730                           tblptru	equ	0xFF8
   731                           tblptrh	equ	0xFF7
   732                           tblptrl	equ	0xFF6
   733                           tablat	equ	0xFF5
   734                           status	equ	0xFD8
   735                           tblptru	equ	0xFF8
   736                           tblptrh	equ	0xFF7
   737                           tblptrl	equ	0xFF6
   738                           tablat	equ	0xFF5
   739                           status	equ	0xFD8
   740                           
   741                           	psect	rparam
   742  0000                     tblptru	equ	0xFF8
   743                           tblptrh	equ	0xFF7
   744                           tblptrl	equ	0xFF6
   745                           tablat	equ	0xFF5
   746                           status	equ	0xFD8


Data Sizes:
    Strings     138
    Constant    0
    Data        0
    BSS         0
    Persistent  0
    Stack       0

Auto Spaces:
    Space          Size  Autos    Used
    COMRAM           95      3       3
    BANK0           160      0       0
    BANK1           256      0       0
    BANK2           256      0       0
    BANK3           256      0       0
    BANK4           256      0       0
    BANK5           256      0       0

Pointer List with Targets:

    puts@s	PTR const unsigned char  size(2) Largest target is 62
		 -> STR_3(CODE[41]), STR_2(CODE[35]), STR_1(CODE[62]), 


Critical Paths under _main in COMRAM

    _main->_puts
    _init_config->_puts
    _puts->_putch
    _getche->_putch

Critical Paths under _main in BANK0

    None.

Critical Paths under _main in BANK1

    None.

Critical Paths under _main in BANK2

    None.

Critical Paths under _main in BANK3

    None.

Critical Paths under _main in BANK4

    None.

Critical Paths under _main in BANK5

    None.

Call Graph Tables:

 ---------------------------------------------------------------------------------
 (Depth) Function   	        Calls       Base Space   Used Autos Params    Refs
 ---------------------------------------------------------------------------------
 (0) _main                                                 1     1      0     524
                             _getche
                        _init_config
                               _puts
 ---------------------------------------------------------------------------------
 (1) _init_config                                          0     0      0     252
                              _getch
                          _init_uart
                               _puts
 ---------------------------------------------------------------------------------
 (1) _puts                                                 2     0      2     252
                                              1 COMRAM     2     0      2
                              _putch
 ---------------------------------------------------------------------------------
 (2) _init_uart                                            0     0      0       0
 ---------------------------------------------------------------------------------
 (1) _getche                                               1     1      0      20
                                              1 COMRAM     1     1      0
                              _getch
                              _putch
 ---------------------------------------------------------------------------------
 (2) _putch                                                1     1      0      15
                                              0 COMRAM     1     1      0
 ---------------------------------------------------------------------------------
 (2) _getch                                                0     0      0       0
 ---------------------------------------------------------------------------------
 Estimated maximum stack depth 2
 ---------------------------------------------------------------------------------

 Call Graph Graphs:

 _main (ROOT)
   _getche
     _getch
     _putch
   _init_config
     _getch
     _init_uart
     _puts
       _putch
   _puts
     _putch

 Address spaces:
Name               Size   Autos  Total    Cost      Usage
BITCOMRAM           5F      0       0       0        0.0%
EEDATA             100      0       0       0        0.0%
NULL                 0      0       0       0        0.0%
CODE                 0      0       0       0        0.0%
COMRAM              5F      3       3       1        3.2%
STACK                0      0       0       2        0.0%
ABS                  0      0       0       3        0.0%
BITBANK0            A0      0       0       4        0.0%
BANK0               A0      0       0       5        0.0%
BITBANK1           100      0       0       6        0.0%
BANK1              100      0       0       7        0.0%
BITBANK2           100      0       0       8        0.0%
BANK2              100      0       0       9        0.0%
BITBANK3           100      0       0      10        0.0%
BANK3              100      0       0      11        0.0%
BITBANK4           100      0       0      12        0.0%
BANK4              100      0       0      13        0.0%
BITBANK5           100      0       0      14        0.0%
BANK5              100      0       0      15        0.0%
BIGRAM             5FF      0       0      16        0.0%
DATA                 0      0       0      17        0.0%
BITSFR_3             0      0       0      40        0.0%
SFR_3                0      0       0      40        0.0%
BITSFR_2             0      0       0      40        0.0%
SFR_2                0      0       0      40        0.0%
BITSFR_1             0      0       0      40        0.0%
SFR_1                0      0       0      40        0.0%
BITSFR               0      0       0      40        0.0%
SFR                  0      0       0      40        0.0%


Microchip Technology PIC18 Macro Assembler V1.36 build -262312587 
Symbol Table                                                                                   Wed Jan  9 10:09:10 2019

                     l85 074A                       l97 0754              __CFG_OSC$XT 000000  
                    l763 06CC                      l767 06E0                      l777 0710  
                    _RX9 007D5E                      _TX9 007D66                      _WUE 007DC1  
           __CFG_LVP$OFF 000000             __CFG_WDT$OFF 000000                     STR_1 0601  
                   STR_2 0668                     STR_3 063F                     _BRGH 007D62  
                   _CREN 007D5C                     _FERR 007D5A                     _CSRC 007D67  
                   _RCIE 007CED                     _RCIF 007CF5                     _OERR 007D59  
                   _SCKP 007DC4                     _RX9D 007D58                     _SPEN 007D5F  
                   _TX9D 007D60                     _SREN 007D5D                     _TRMT 007D61  
                   _TXIE 007CEC                     _TXIF 007CF4                     _TXEN 007D65  
                   _SYNC 007D64                     _main 06F4                     _puts 06CA  
                   start 0000             ___param_bank 000010                    _ABDEN 007DC0  
                  _ADDEN 007D5B                    ?_main 0001                    _BRG16 007DC3  
                  ?_puts 0002             ?_init_config 0001                    _RCIDL 007DC6  
                  _RCREG 000FAE                    _SENDB 007D63                    _SPBRG 000FAF  
                  _TXREG 000FAD                    _getch 0754                    _putch 0748  
         __CFG_BOREN$OFF 000000                    tablat 000FF5                    puts@s 0002  
                  status 000FD8          __initialization 072C             __end_of_main 0716  
           __end_of_puts 06F4                   ??_main 0004                   ??_puts 0004  
          __activetblptr 000001                   ?_getch 0001                   _ABDOVF 007DC7  
                 ?_putch 0001                   _TRISC6 007CA6                   _TRISC7 007CA7  
                 _getche 073A             __mediumconst 0000                   tblptrh 000FF7  
                 tblptrl 000FF6                   tblptru 000FF8               __accesstop 0060  
__end_of__initialization 072C          __CFG_PBADEN$OFF 000000            ___rparam_used 000001  
         __pcstackCOMRAM 0001            __end_of_getch 075C            __end_of_putch 0754  
   __size_of_init_config 0016                  ??_getch 0001                  ??_putch 0001  
     __size_of_init_uart 003E                  ?_getche 0001                  __Hparam 0000  
                __Lparam 0000             __psmallconst 0600          __size_of_getche 000E  
                __pcinit 072C                  __ramtop 0600                  __ptext0 06F4  
                __ptext1 0716                  __ptext2 06CA                  __ptext3 068C  
                __ptext4 073A                  __ptext5 0748                  __ptext6 0754  
      __end_of_init_uart 06CA                  getche@c 0002     end_of_initialization 072C  
         __end_of_getche 0748      start_initialization 072C                 ??_getche 0002  
          ??_init_config 0004              __smallconst 0600           __size_of_getch 0008  
    __end_of_init_config 072C                _init_uart 068C           __size_of_putch 000C  
             ?_init_uart 0001                 __Hrparam 0000                 __Lrparam 0000  
           __Lsmallconst 0600              _init_config 0716            __size_of_main 0022  
          __size_of_puts 002A                putch@byte 0001              ??_init_uart 0001  
