

Microchip Technology PIC18 LITE Macro Assembler V1.36 build -262312587 
                                                                                               Fri Dec 14 12:30:39 2018

Microchip Technology Omniscient Code Generator v1.36 (Free mode) build 201601150325
     1                           	processor	18F4580
     2                           	fnconf	rparam,??,?,0
     3                           	opt	pw 120
     4                           	opt	lm
     5                           	psect	cinit,global,reloc=2,class=CODE,delta=1
     6                           	psect	cstackCOMRAM,global,class=COMRAM,space=1,delta=1
     7                           	psect	text0,global,reloc=2,class=CODE,delta=1
     8                           	psect	text1,global,reloc=2,class=CODE,delta=1
     9                           	psect	intsave_regs,global,class=BIGRAM,space=1,delta=1
    10                           	psect	rparam,global,class=COMRAM,space=1,delta=1
    11  0000                     _ADCON1	set	4033
    12  0000                     _PORTB	set	3969
    13  0000                     _TRISB	set	3987
    14                           
    15                           ; #config settings
    16  0000                     
    17                           	psect	cinit
    18  002FC0                     __pcinit:
    19                           	opt stack 0
    20  002FC0                     start_initialization:
    21                           	opt stack 0
    22  002FC0                     __initialization:
    23                           	opt stack 0
    24  002FC0                     end_of_initialization:
    25                           	opt stack 0
    26  002FC0                     __end_of__initialization:
    27                           	opt stack 0
    28  002FC0  0100               	movlb	0
    29  002FC2  EFEA  F017         	goto	_main	;jump to C main() function
    30                           
    31                           	psect	cstackCOMRAM
    32  000001                     __pcstackCOMRAM:
    33                           	opt stack 0
    34  000001                     main@i:
    35                           	opt stack 0
    36                           
    37                           ; 2 bytes @ 0x0
    38  000001                     	ds	2
    39  000003                     main@L:
    40                           	opt stack 0
    41                           
    42                           ; 2 bytes @ 0x2
    43  000003                     	ds	2
    44                           
    45 ;;
    46 ;;Main: autosize = 0, tempsize = 0, incstack = 0, save=0
    47 ;;
    48 ;; *************** function _main *****************
    49 ;; Defined at:
    50 ;;		line 12 in file "main.c"
    51 ;; Parameters:    Size  Location     Type
    52 ;;		None
    53 ;; Auto vars:     Size  Location     Type
    54 ;;  L               2    2[COMRAM] unsigned short 
    55 ;;  i               2    0[COMRAM] unsigned short 
    56 ;; Return value:  Size  Location     Type
    57 ;;                  1    wreg      void 
    58 ;; Registers used:
    59 ;;		wreg, status,2, status,0, cstack
    60 ;; Tracked objects:
    61 ;;		On entry : 0/0
    62 ;;		On exit  : 0/0
    63 ;;		Unchanged: 0/0
    64 ;; Data sizes:     COMRAM   BANK0   BANK1   BANK2   BANK3   BANK4   BANK5
    65 ;;      Params:         0       0       0       0       0       0       0
    66 ;;      Locals:         4       0       0       0       0       0       0
    67 ;;      Temps:          0       0       0       0       0       0       0
    68 ;;      Totals:         4       0       0       0       0       0       0
    69 ;;Total ram usage:        4 bytes
    70 ;; Hardware stack levels required when called:    1
    71 ;; This function calls:
    72 ;;		_init_config
    73 ;; This function is called by:
    74 ;;		Startup code after reset
    75 ;; This function uses a non-reentrant model
    76 ;;
    77                           
    78                           	psect	text0
    79  002FD4                     __ptext0:
    80                           	opt stack 0
    81  002FD4                     _main:
    82                           	opt stack 30
    83                           
    84                           ;main.c: 14: unsigned short i;
    85                           ;main.c: 16: init_config();
    86                           
    87                           ;incstack = 0
    88  002FD4  ECE3  F017         	call	_init_config	;wreg free
    89                           
    90                           ;main.c: 17: unsigned short L = 0x55;
    91  002FD8  0E00               	movlw	0
    92  002FDA  6E04               	movwf	main@L+1,c
    93  002FDC  0E55               	movlw	85
    94  002FDE  6E03               	movwf	main@L,c
    95  002FE0                     l622:
    96                           
    97                           ;main.c: 19: {
    98                           ;main.c: 22: PORTB = ~L;
    99  002FE0  5003               	movf	main@L,w,c
   100  002FE2  0AFF               	xorlw	255
   101  002FE4  6E81               	movwf	3969,c	;volatile
   102                           
   103                           ;main.c: 24: for (i = 50000; i--; );
   104  002FE6  0EC3               	movlw	195
   105  002FE8  6E02               	movwf	main@i+1,c
   106  002FEA  0E50               	movlw	80
   107  002FEC  6E01               	movwf	main@i,c
   108  002FEE                     l626:
   109  002FEE  0601               	decf	main@i,f,c
   110  002FF0  A0D8               	btfss	status,0,c
   111  002FF2  0602               	decf	main@i+1,f,c
   112  002FF4  2801               	incf	main@i,w,c
   113  002FF6  E1FB               	bnz	l626
   114  002FF8  2802               	incf	main@i+1,w,c
   115  002FFA  B4D8               	btfsc	status,2,c
   116  002FFC  D7F1               	goto	l622
   117  002FFE  D7F7               	goto	l626
   118  003000                     __end_of_main:
   119                           	opt stack 0
   120                           status	equ	0xFD8
   121                           
   122 ;; *************** function _init_config *****************
   123 ;; Defined at:
   124 ;;		line 3 in file "main.c"
   125 ;; Parameters:    Size  Location     Type
   126 ;;		None
   127 ;; Auto vars:     Size  Location     Type
   128 ;;		None
   129 ;; Return value:  Size  Location     Type
   130 ;;                  1    wreg      void 
   131 ;; Registers used:
   132 ;;		wreg, status,2
   133 ;; Tracked objects:
   134 ;;		On entry : 0/0
   135 ;;		On exit  : 0/0
   136 ;;		Unchanged: 0/0
   137 ;; Data sizes:     COMRAM   BANK0   BANK1   BANK2   BANK3   BANK4   BANK5
   138 ;;      Params:         0       0       0       0       0       0       0
   139 ;;      Locals:         0       0       0       0       0       0       0
   140 ;;      Temps:          0       0       0       0       0       0       0
   141 ;;      Totals:         0       0       0       0       0       0       0
   142 ;;Total ram usage:        0 bytes
   143 ;; Hardware stack levels used:    1
   144 ;; This function calls:
   145 ;;		Nothing
   146 ;; This function is called by:
   147 ;;		_main
   148 ;; This function uses a non-reentrant model
   149 ;;
   150                           
   151                           	psect	text1
   152  002FC6                     __ptext1:
   153                           	opt stack 0
   154  002FC6                     _init_config:
   155                           	opt stack 30
   156                           
   157                           ;main.c: 5: ADCON1 = 0x0F;
   158                           
   159                           ;incstack = 0
   160  002FC6  0E0F               	movlw	15
   161  002FC8  6EC1               	movwf	4033,c	;volatile
   162                           
   163                           ;main.c: 7: PORTB = 0x00;
   164  002FCA  0E00               	movlw	0
   165  002FCC  6E81               	movwf	3969,c	;volatile
   166                           
   167                           ;main.c: 9: TRISB = 0x00;
   168  002FCE  0E00               	movlw	0
   169  002FD0  6E93               	movwf	3987,c	;volatile
   170  002FD2  0012               	return		;funcret
   171  002FD4                     __end_of_init_config:
   172                           	opt stack 0
   173  0000                     status	equ	0xFD8
   174                           status	equ	0xFD8
   175                           
   176                           	psect	rparam
   177  0000                     status	equ	0xFD8


Data Sizes:
    Strings     0
    Constant    0
    Data        0
    BSS         0
    Persistent  0
    Stack       0

Auto Spaces:
    Space          Size  Autos    Used
    COMRAM           95      4       4
    BANK0           160      0       0
    BANK1           256      0       0
    BANK2           256      0       0
    BANK3           256      0       0
    BANK4           256      0       0
    BANK5           256      0       0

Pointer List with Targets:

    None.

Critical Paths under _main in COMRAM

    None.

Critical Paths under _main in BANK0

    None.

Critical Paths under _main in BANK1

    None.

Critical Paths under _main in BANK2

    None.

Critical Paths under _main in BANK3

    None.

Critical Paths under _main in BANK4

    None.

Critical Paths under _main in BANK5

    None.

Call Graph Tables:

 ---------------------------------------------------------------------------------
 (Depth) Function   	        Calls       Base Space   Used Autos Params    Refs
 ---------------------------------------------------------------------------------
 (0) _main                                                 4     4      0      30
                                              0 COMRAM     4     4      0
                        _init_config
 ---------------------------------------------------------------------------------
 (1) _init_config                                          0     0      0       0
 ---------------------------------------------------------------------------------
 Estimated maximum stack depth 1
 ---------------------------------------------------------------------------------

 Call Graph Graphs:

 _main (ROOT)
   _init_config

 Address spaces:
Name               Size   Autos  Total    Cost      Usage
BITCOMRAM           5F      0       0       0        0.0%
EEDATA             100      0       0       0        0.0%
NULL                 0      0       0       0        0.0%
CODE                 0      0       0       0        0.0%
COMRAM              5F      4       4       1        4.2%
STACK                0      0       0       2        0.0%
ABS                  0      0       0       3        0.0%
BITBANK0            A0      0       0       4        0.0%
BANK0               A0      0       0       5        0.0%
BITBANK1           100      0       0       6        0.0%
BANK1              100      0       0       7        0.0%
BITBANK2           100      0       0       8        0.0%
BANK2              100      0       0       9        0.0%
BITBANK3           100      0       0      10        0.0%
BANK3              100      0       0      11        0.0%
BITBANK4           100      0       0      12        0.0%
BANK4              100      0       0      13        0.0%
BITBANK5           100      0       0      14        0.0%
BANK5              100      0       0      15        0.0%
BIGRAM             5FF      0       0      16        0.0%
DATA                 0      0       0      17        0.0%
BITSFR_3             0      0       0      40        0.0%
SFR_3                0      0       0      40        0.0%
BITSFR_2             0      0       0      40        0.0%
SFR_2                0      0       0      40        0.0%
BITSFR_1             0      0       0      40        0.0%
SFR_1                0      0       0      40        0.0%
BITSFR               0      0       0      40        0.0%
SFR                  0      0       0      40        0.0%


Microchip Technology PIC18 Macro Assembler V1.36 build -262312587 
Symbol Table                                                                                   Fri Dec 14 12:30:39 2018

            __CFG_OSC$XT 000000                      l622 2FE0                      l626 2FEE  
           __CFG_LVP$OFF 000000             __CFG_WDT$OFF 000000                     _main 2FD4  
                   start 0000             ___param_bank 000010                    ?_main 0001  
           ?_init_config 0001                    _PORTB 000F81                    _TRISB 000F93  
                  main@L 0003                    main@i 0001           __CFG_BOREN$OFF 000000  
                  status 000FD8          __initialization 2FC0             __end_of_main 3000  
                 ??_main 0001            __activetblptr 000000                   _ADCON1 000FC1  
             __accesstop 0060  __end_of__initialization 2FC0          __CFG_PBADEN$OFF 000000  
          ___rparam_used 000001           __pcstackCOMRAM 0001     __size_of_init_config 000E  
                __Hparam 0000                  __Lparam 0000                  __pcinit 2FC0  
                __ramtop 0600                  __ptext0 2FD4                  __ptext1 2FC6  
   end_of_initialization 2FC0      start_initialization 2FC0            ??_init_config 0001  
    __end_of_init_config 2FD4                 __Hrparam 0000                 __Lrparam 0000  
            _init_config 2FC6            __size_of_main 002C  
