

Microchip Technology PIC18 LITE Macro Assembler V1.36 build -262312587 
                                                                                               Tue Dec 18 08:48:25 2018

Microchip Technology Omniscient Code Generator v1.36 (Free mode) build 201601150325
     1                           	processor	18F4580
     2                           	fnconf	rparam,??,?,0
     3                           	opt	pw 120
     4                           	opt	lm
     5                           	psect	cinit,global,reloc=2,class=CODE,delta=1
     6                           	psect	bssCOMRAM,global,class=COMRAM,space=1,delta=1
     7                           	psect	cstackCOMRAM,global,class=COMRAM,space=1,delta=1
     8                           	psect	text0,global,reloc=2,class=CODE,delta=1
     9                           	psect	text1,global,reloc=2,class=CODE,delta=1
    10                           	psect	text2,global,reloc=2,class=CODE,delta=1
    11                           	psect	text3,global,reloc=2,class=CODE,delta=1
    12                           	psect	intsave_regs,global,class=BIGRAM,space=1,delta=1
    13                           	psect	rparam,global,class=COMRAM,space=1,delta=1
    14  0000                     _PORTA	set	3968
    15  0000                     _PORTD	set	3971
    16  0000                     _TRISA	set	3986
    17  0000                     _TRISD	set	3989
    18                           
    19                           ; #config settings
    20                           
    21                           	psect	cinit
    22  002EE2                     __pcinit:
    23                           	opt stack 0
    24  002EE2                     start_initialization:
    25                           	opt stack 0
    26  002EE2                     __initialization:
    27                           	opt stack 0
    28                           
    29                           ; Clear objects allocated to COMRAM (4 bytes)
    30  002EE2  6A0B               	clrf	(__pbssCOMRAM+3)& (0+255),c
    31  002EE4  6A0A               	clrf	(__pbssCOMRAM+2)& (0+255),c
    32  002EE6  6A09               	clrf	(__pbssCOMRAM+1)& (0+255),c
    33  002EE8  6A08               	clrf	__pbssCOMRAM& (0+255),c
    34  002EEA                     end_of_initialization:
    35                           	opt stack 0
    36  002EEA                     __end_of__initialization:
    37                           	opt stack 0
    38  002EEA  0100               	movlb	0
    39  002EEC  EFAD  F017         	goto	_main	;jump to C main() function
    40                           
    41                           	psect	bssCOMRAM
    42  000008                     __pbssCOMRAM:
    43                           	opt stack 0
    44  000008                     _ssd:
    45                           	opt stack 0
    46  000008                     	ds	4
    47                           
    48                           	psect	cstackCOMRAM
    49  000001                     __pcstackCOMRAM:
    50                           	opt stack 0
    51  000001                     display@data:
    52                           	opt stack 0
    53                           
    54                           ; 2 bytes @ 0x0
    55  000001                     	ds	2
    56  000003                     ??_display:
    57                           
    58                           ; 1 bytes @ 0x2
    59  000003                     	ds	2
    60  000005                     display@wait:
    61                           	opt stack 0
    62                           
    63                           ; 2 bytes @ 0x4
    64  000005                     	ds	2
    65  000007                     display@digit:
    66                           	opt stack 0
    67                           
    68                           ; 1 bytes @ 0x6
    69  000007                     	ds	1
    70  000008                     
    71                           ; 1 bytes @ 0x7
    72 ;;
    73 ;;Main: autosize = 0, tempsize = 0, incstack = 0, save=0
    74 ;;
    75 ;; *************** function _main *****************
    76 ;; Defined at:
    77 ;;		line 12 in file "main.c"
    78 ;; Parameters:    Size  Location     Type
    79 ;;		None
    80 ;; Auto vars:     Size  Location     Type
    81 ;;		None
    82 ;; Return value:  Size  Location     Type
    83 ;;                  1    wreg      void 
    84 ;; Registers used:
    85 ;;		wreg, fsr2l, fsr2h, status,2, status,0, prodl, prodh, cstack
    86 ;; Tracked objects:
    87 ;;		On entry : 0/0
    88 ;;		On exit  : 0/0
    89 ;;		Unchanged: 0/0
    90 ;; Data sizes:     COMRAM   BANK0   BANK1   BANK2   BANK3   BANK4   BANK5
    91 ;;      Params:         0       0       0       0       0       0       0
    92 ;;      Locals:         0       0       0       0       0       0       0
    93 ;;      Temps:          0       0       0       0       0       0       0
    94 ;;      Totals:         0       0       0       0       0       0       0
    95 ;;Total ram usage:        0 bytes
    96 ;; Hardware stack levels required when called:    2
    97 ;; This function calls:
    98 ;;		_display
    99 ;;		_init_config
   100 ;; This function is called by:
   101 ;;		Startup code after reset
   102 ;; This function uses a non-reentrant model
   103 ;;
   104                           
   105                           	psect	text0
   106  002F5A                     __ptext0:
   107                           	opt stack 0
   108  002F5A                     _main:
   109                           	opt stack 29
   110                           
   111                           ;main.c: 14: init_config();
   112                           
   113                           ;incstack = 0
   114  002F5A  EC6E  F017         	call	_init_config	;wreg free
   115  002F5E                     l736:
   116                           
   117                           ;main.c: 17: {
   118                           ;main.c: 20: ssd[0] = 0xE7;
   119  002F5E  0EE7               	movlw	231
   120  002F60  6E08               	movwf	_ssd,c
   121                           
   122                           ;main.c: 21: display(ssd);
   123  002F62  0E08               	movlw	low _ssd
   124  002F64  6E01               	movwf	display@data,c
   125  002F66  0E00               	movlw	high _ssd
   126  002F68  6E02               	movwf	display@data+1,c
   127  002F6A  EC81  F017         	call	_display	;wreg free
   128                           
   129                           ;main.c: 22: ssd[0] = 0x21;
   130  002F6E  0E21               	movlw	33
   131  002F70  6E08               	movwf	_ssd,c
   132                           
   133                           ;main.c: 23: display(ssd);
   134  002F72  0E08               	movlw	low _ssd
   135  002F74  6E01               	movwf	display@data,c
   136  002F76  0E00               	movlw	high _ssd
   137  002F78  6E02               	movwf	display@data+1,c
   138  002F7A  EC81  F017         	call	_display	;wreg free
   139                           
   140                           ;main.c: 24: ssd[0] = 0xCB;
   141  002F7E  0ECB               	movlw	203
   142  002F80  6E08               	movwf	_ssd,c
   143                           
   144                           ;main.c: 25: display(ssd);
   145  002F82  0E08               	movlw	low _ssd
   146  002F84  6E01               	movwf	display@data,c
   147  002F86  0E00               	movlw	high _ssd
   148  002F88  6E02               	movwf	display@data+1,c
   149  002F8A  EC81  F017         	call	_display	;wreg free
   150                           
   151                           ;main.c: 26: ssd[0] = 0x6B;
   152  002F8E  0E6B               	movlw	107
   153  002F90  6E08               	movwf	_ssd,c
   154                           
   155                           ;main.c: 27: display(ssd);
   156  002F92  0E08               	movlw	low _ssd
   157  002F94  6E01               	movwf	display@data,c
   158  002F96  0E00               	movlw	high _ssd
   159  002F98  6E02               	movwf	display@data+1,c
   160  002F9A  EC81  F017         	call	_display	;wreg free
   161                           
   162                           ;main.c: 28: ssd[0] = 0x2D;
   163  002F9E  0E2D               	movlw	45
   164  002FA0  6E08               	movwf	_ssd,c
   165                           
   166                           ;main.c: 29: display(ssd);
   167  002FA2  0E08               	movlw	low _ssd
   168  002FA4  6E01               	movwf	display@data,c
   169  002FA6  0E00               	movlw	high _ssd
   170  002FA8  6E02               	movwf	display@data+1,c
   171  002FAA  EC81  F017         	call	_display	;wreg free
   172                           
   173                           ;main.c: 30: ssd[0] = 0x6E;
   174  002FAE  0E6E               	movlw	110
   175  002FB0  6E08               	movwf	_ssd,c
   176                           
   177                           ;main.c: 31: display(ssd);
   178  002FB2  0E08               	movlw	low _ssd
   179  002FB4  6E01               	movwf	display@data,c
   180  002FB6  0E00               	movlw	high _ssd
   181  002FB8  6E02               	movwf	display@data+1,c
   182  002FBA  EC81  F017         	call	_display	;wreg free
   183                           
   184                           ;main.c: 32: ssd[0] = 0xEE;
   185  002FBE  0EEE               	movlw	238
   186  002FC0  6E08               	movwf	_ssd,c
   187                           
   188                           ;main.c: 33: display(ssd);
   189  002FC2  0E08               	movlw	low _ssd
   190  002FC4  6E01               	movwf	display@data,c
   191  002FC6  0E00               	movlw	high _ssd
   192  002FC8  6E02               	movwf	display@data+1,c
   193  002FCA  EC81  F017         	call	_display	;wreg free
   194                           
   195                           ;main.c: 34: ssd[0] = 0x23;
   196  002FCE  0E23               	movlw	35
   197  002FD0  6E08               	movwf	_ssd,c
   198                           
   199                           ;main.c: 35: display(ssd);
   200  002FD2  0E08               	movlw	low _ssd
   201  002FD4  6E01               	movwf	display@data,c
   202  002FD6  0E00               	movlw	high _ssd
   203  002FD8  6E02               	movwf	display@data+1,c
   204  002FDA  EC81  F017         	call	_display	;wreg free
   205                           
   206                           ;main.c: 36: ssd[0] = 0xEF;
   207  002FDE  0EEF               	movlw	239
   208  002FE0  6E08               	movwf	_ssd,c
   209                           
   210                           ;main.c: 37: display(ssd);
   211  002FE2  0E08               	movlw	low _ssd
   212  002FE4  6E01               	movwf	display@data,c
   213  002FE6  0E00               	movlw	high _ssd
   214  002FE8  6E02               	movwf	display@data+1,c
   215  002FEA  EC81  F017         	call	_display	;wreg free
   216                           
   217                           ;main.c: 38: ssd[0] = 0x6F;
   218  002FEE  0E6F               	movlw	111
   219  002FF0  6E08               	movwf	_ssd,c
   220                           
   221                           ;main.c: 40: display(ssd);
   222  002FF2  0E08               	movlw	low _ssd
   223  002FF4  6E01               	movwf	display@data,c
   224  002FF6  0E00               	movlw	high _ssd
   225  002FF8  6E02               	movwf	display@data+1,c
   226  002FFA  EC81  F017         	call	_display	;wreg free
   227  002FFE  D7AF               	goto	l736
   228  003000                     __end_of_main:
   229                           	opt stack 0
   230                           
   231 ;; *************** function _init_config *****************
   232 ;; Defined at:
   233 ;;		line 7 in file "main.c"
   234 ;; Parameters:    Size  Location     Type
   235 ;;		None
   236 ;; Auto vars:     Size  Location     Type
   237 ;;		None
   238 ;; Return value:  Size  Location     Type
   239 ;;                  1    wreg      void 
   240 ;; Registers used:
   241 ;;		wreg, status,2, status,0, cstack
   242 ;; Tracked objects:
   243 ;;		On entry : 0/0
   244 ;;		On exit  : 0/0
   245 ;;		Unchanged: 0/0
   246 ;; Data sizes:     COMRAM   BANK0   BANK1   BANK2   BANK3   BANK4   BANK5
   247 ;;      Params:         0       0       0       0       0       0       0
   248 ;;      Locals:         0       0       0       0       0       0       0
   249 ;;      Temps:          0       0       0       0       0       0       0
   250 ;;      Totals:         0       0       0       0       0       0       0
   251 ;;Total ram usage:        0 bytes
   252 ;; Hardware stack levels used:    1
   253 ;; Hardware stack levels required when called:    1
   254 ;; This function calls:
   255 ;;		_init_ssd_control
   256 ;; This function is called by:
   257 ;;		_main
   258 ;; This function uses a non-reentrant model
   259 ;;
   260                           
   261                           	psect	text1
   262  002EDC                     __ptext1:
   263                           	opt stack 0
   264  002EDC                     _init_config:
   265                           	opt stack 29
   266                           
   267                           ;main.c: 9: init_ssd_control();
   268                           
   269                           ;incstack = 0
   270  002EDC  EC78  F017         	call	_init_ssd_control	;wreg free
   271  002EE0  0012               	return		;funcret
   272  002EE2                     __end_of_init_config:
   273                           	opt stack 0
   274                           
   275 ;; *************** function _init_ssd_control *****************
   276 ;; Defined at:
   277 ;;		line 5 in file "ssd_display.c"
   278 ;; Parameters:    Size  Location     Type
   279 ;;		None
   280 ;; Auto vars:     Size  Location     Type
   281 ;;		None
   282 ;; Return value:  Size  Location     Type
   283 ;;                  1    wreg      void 
   284 ;; Registers used:
   285 ;;		wreg, status,2, status,0
   286 ;; Tracked objects:
   287 ;;		On entry : 0/0
   288 ;;		On exit  : 0/0
   289 ;;		Unchanged: 0/0
   290 ;; Data sizes:     COMRAM   BANK0   BANK1   BANK2   BANK3   BANK4   BANK5
   291 ;;      Params:         0       0       0       0       0       0       0
   292 ;;      Locals:         0       0       0       0       0       0       0
   293 ;;      Temps:          0       0       0       0       0       0       0
   294 ;;      Totals:         0       0       0       0       0       0       0
   295 ;;Total ram usage:        0 bytes
   296 ;; Hardware stack levels used:    1
   297 ;; This function calls:
   298 ;;		Nothing
   299 ;; This function is called by:
   300 ;;		_init_config
   301 ;; This function uses a non-reentrant model
   302 ;;
   303                           
   304                           	psect	text2
   305  002EF0                     __ptext2:
   306                           	opt stack 0
   307  002EF0                     _init_ssd_control:
   308                           	opt stack 29
   309                           
   310                           ;ssd_display.c: 8: TRISD = 0x00;
   311                           
   312                           ;incstack = 0
   313  002EF0  0E00               	movlw	0
   314  002EF2  6E95               	movwf	3989,c	;volatile
   315                           
   316                           ;ssd_display.c: 10: TRISA = TRISA & 0xF0;
   317  002EF4  5092               	movf	3986,w,c	;volatile
   318  002EF6  0BF0               	andlw	240
   319  002EF8  6E92               	movwf	3986,c	;volatile
   320                           
   321                           ;ssd_display.c: 13: PORTA = PORTA & 0xF0;
   322  002EFA  5080               	movf	3968,w,c	;volatile
   323  002EFC  0BF0               	andlw	240
   324  002EFE  6E80               	movwf	3968,c	;volatile
   325  002F00  0012               	return		;funcret
   326  002F02                     __end_of_init_ssd_control:
   327                           	opt stack 0
   328                           
   329 ;; *************** function _display *****************
   330 ;; Defined at:
   331 ;;		line 17 in file "ssd_display.c"
   332 ;; Parameters:    Size  Location     Type
   333 ;;  data            2    0[COMRAM] PTR unsigned char 
   334 ;;		 -> ssd(4), 
   335 ;; Auto vars:     Size  Location     Type
   336 ;;  wait            2    4[COMRAM] unsigned int 
   337 ;;  digit           1    6[COMRAM] unsigned char 
   338 ;;  data_bit        1    0        unsigned char 
   339 ;; Return value:  Size  Location     Type
   340 ;;                  1    wreg      void 
   341 ;; Registers used:
   342 ;;		wreg, fsr2l, fsr2h, status,2, status,0, prodl, prodh
   343 ;; Tracked objects:
   344 ;;		On entry : 0/0
   345 ;;		On exit  : 0/0
   346 ;;		Unchanged: 0/0
   347 ;; Data sizes:     COMRAM   BANK0   BANK1   BANK2   BANK3   BANK4   BANK5
   348 ;;      Params:         2       0       0       0       0       0       0
   349 ;;      Locals:         3       0       0       0       0       0       0
   350 ;;      Temps:          2       0       0       0       0       0       0
   351 ;;      Totals:         7       0       0       0       0       0       0
   352 ;;Total ram usage:        7 bytes
   353 ;; Hardware stack levels used:    1
   354 ;; This function calls:
   355 ;;		Nothing
   356 ;; This function is called by:
   357 ;;		_main
   358 ;; This function uses a non-reentrant model
   359 ;;
   360                           
   361                           	psect	text3
   362  002F02                     __ptext3:
   363                           	opt stack 0
   364  002F02                     _display:
   365                           	opt stack 30
   366                           
   367                           ;ssd_display.c: 19: unsigned int wait;
   368                           ;ssd_display.c: 20: unsigned char data_bit;
   369                           ;ssd_display.c: 21: unsigned char digit;
   370                           ;ssd_display.c: 23: for (digit = 0; digit < 4; digit++)
   371                           
   372                           ;incstack = 0
   373  002F02  0E00               	movlw	0
   374  002F04  6E07               	movwf	display@digit,c
   375  002F06                     l718:
   376  002F06  0E03               	movlw	3
   377  002F08  6407               	cpfsgt	display@digit,c
   378  002F0A  D001               	goto	l722
   379  002F0C  0012               	return	
   380  002F0E                     l722:
   381                           
   382                           ;ssd_display.c: 24: {
   383                           ;ssd_display.c: 25: PORTD = data[digit];
   384  002F0E  5007               	movf	display@digit,w,c
   385  002F10  0D01               	mullw	1
   386  002F12  50F3               	movf	prodl,w,c
   387  002F14  2401               	addwf	display@data,w,c
   388  002F16  6ED9               	movwf	fsr2l,c
   389  002F18  50F4               	movf	prodh,w,c
   390  002F1A  2002               	addwfc	display@data+1,w,c
   391  002F1C  6EDA               	movwf	fsr2h,c
   392  002F1E  50DF               	movf	indf2,w,c
   393  002F20  6E83               	movwf	3971,c	;volatile
   394                           
   395                           ;ssd_display.c: 26: PORTA = (PORTA & 0xF0) | (0x01 << digit);
   396  002F22  C007  F003         	movff	display@digit,??_display
   397  002F26  0E01               	movlw	1
   398  002F28  6E04               	movwf	(??_display+1)& (0+255),c
   399  002F2A  2A03               	incf	??_display,f,c
   400  002F2C  D002               	goto	u64
   401  002F2E                     u65:
   402  002F2E  90D8               	bcf	status,0,c
   403  002F30  3604               	rlcf	??_display+1,f,c
   404  002F32                     u64:
   405  002F32  2E03               	decfsz	??_display,f,c
   406  002F34  D7FC               	goto	u65
   407  002F36  5080               	movf	3968,w,c	;volatile
   408  002F38  0BF0               	andlw	240
   409  002F3A  1004               	iorwf	??_display+1,w,c
   410  002F3C  6E80               	movwf	3968,c	;volatile
   411                           
   412                           ;ssd_display.c: 28: for (wait = 60000; wait--; );
   413  002F3E  0EEA               	movlw	234
   414  002F40  6E06               	movwf	display@wait+1,c
   415  002F42  0E60               	movlw	96
   416  002F44  6E05               	movwf	display@wait,c
   417  002F46                     l728:
   418  002F46  0605               	decf	display@wait,f,c
   419  002F48  A0D8               	btfss	status,0,c
   420  002F4A  0606               	decf	display@wait+1,f,c
   421  002F4C  2805               	incf	display@wait,w,c
   422  002F4E  E1FB               	bnz	l728
   423  002F50  2806               	incf	display@wait+1,w,c
   424  002F52  A4D8               	btfss	status,2,c
   425  002F54  D7F8               	goto	l728
   426  002F56  2A07               	incf	display@digit,f,c
   427  002F58  D7D6               	goto	l718
   428  002F5A                     __end_of_display:
   429                           	opt stack 0
   430  0000                     prodh	equ	0xFF4
   431                           prodl	equ	0xFF3
   432                           indf2	equ	0xFDF
   433                           fsr2h	equ	0xFDA
   434                           fsr2l	equ	0xFD9
   435                           status	equ	0xFD8
   436                           prodh	equ	0xFF4
   437                           prodl	equ	0xFF3
   438                           indf2	equ	0xFDF
   439                           fsr2h	equ	0xFDA
   440                           fsr2l	equ	0xFD9
   441                           status	equ	0xFD8
   442                           
   443                           	psect	rparam
   444  0000                     prodh	equ	0xFF4
   445                           prodl	equ	0xFF3
   446                           indf2	equ	0xFDF
   447                           fsr2h	equ	0xFDA
   448                           fsr2l	equ	0xFD9
   449                           status	equ	0xFD8


Data Sizes:
    Strings     0
    Constant    0
    Data        0
    BSS         4
    Persistent  0
    Stack       0

Auto Spaces:
    Space          Size  Autos    Used
    COMRAM           95      7      11
    BANK0           160      0       0
    BANK1           256      0       0
    BANK2           256      0       0
    BANK3           256      0       0
    BANK4           256      0       0
    BANK5           256      0       0

Pointer List with Targets:

    display@data	PTR unsigned char  size(2) Largest target is 4
		 -> ssd(COMRAM[4]), 


Critical Paths under _main in COMRAM

    _main->_display

Critical Paths under _main in BANK0

    None.

Critical Paths under _main in BANK1

    None.

Critical Paths under _main in BANK2

    None.

Critical Paths under _main in BANK3

    None.

Critical Paths under _main in BANK4

    None.

Critical Paths under _main in BANK5

    None.

Call Graph Tables:

 ---------------------------------------------------------------------------------
 (Depth) Function   	        Calls       Base Space   Used Autos Params    Refs
 ---------------------------------------------------------------------------------
 (0) _main                                                 0     0      0     775
                            _display
                        _init_config
 ---------------------------------------------------------------------------------
 (1) _init_config                                          0     0      0       0
                   _init_ssd_control
 ---------------------------------------------------------------------------------
 (2) _init_ssd_control                                     0     0      0       0
 ---------------------------------------------------------------------------------
 (1) _display                                              8     6      2     775
                                              0 COMRAM     7     5      2
 ---------------------------------------------------------------------------------
 Estimated maximum stack depth 2
 ---------------------------------------------------------------------------------

 Call Graph Graphs:

 _main (ROOT)
   _display
   _init_config
     _init_ssd_control

 Address spaces:
Name               Size   Autos  Total    Cost      Usage
BIGRAM             5FF      0       0      16        0.0%
EEDATA             100      0       0       0        0.0%
BITBANK5           100      0       0      14        0.0%
BANK5              100      0       0      15        0.0%
BITBANK4           100      0       0      12        0.0%
BANK4              100      0       0      13        0.0%
BITBANK3           100      0       0      10        0.0%
BANK3              100      0       0      11        0.0%
BITBANK2           100      0       0       8        0.0%
BANK2              100      0       0       9        0.0%
BITBANK1           100      0       0       6        0.0%
BANK1              100      0       0       7        0.0%
BITBANK0            A0      0       0       4        0.0%
BANK0               A0      0       0       5        0.0%
BITCOMRAM           5F      0       0       0        0.0%
COMRAM              5F      7       B       1       11.6%
BITSFR_3             0      0       0      40        0.0%
SFR_3                0      0       0      40        0.0%
BITSFR_2             0      0       0      40        0.0%
SFR_2                0      0       0      40        0.0%
BITSFR_1             0      0       0      40        0.0%
SFR_1                0      0       0      40        0.0%
BITSFR               0      0       0      40        0.0%
SFR                  0      0       0      40        0.0%
STACK                0      0       0       2        0.0%
NULL                 0      0       0       0        0.0%
ABS                  0      0       B       3        0.0%
DATA                 0      0       B      17        0.0%
CODE                 0      0       0       0        0.0%


Microchip Technology PIC18 Macro Assembler V1.36 build -262312587 
Symbol Table                                                                                   Tue Dec 18 08:48:25 2018

                       u64 2F32                         u65 2F2E                        l722 2F0E  
                      l718 2F06                        l728 2F46                        l736 2F5E  
                      _ssd 0008                display@data 0001                display@wait 0005  
                     _main 2F5A                       indf2 000FDF                       fsr2l 000FD9  
                     prodh 000FF4                       prodl 000FF3                       start 0000  
             ___param_bank 000010                      ?_main 0001               ?_init_config 0001  
                    _PORTA 000F80                      _PORTD 000F83                      _TRISA 000F92  
                    _TRISD 000F95               display@digit 0007            __end_of_display 2F5A  
                    status 000FD8            __initialization 2EE2               __end_of_main 3000  
        ?_init_ssd_control 0001                     ??_main 0008              __activetblptr 000000  
       ??_init_ssd_control 0001                  ??_display 0003                 __accesstop 0060  
  __end_of__initialization 2EEA              ___rparam_used 000001             __pcstackCOMRAM 0001  
     __size_of_init_config 0006                    __Hparam 0000                    __Lparam 0000  
                  __pcinit 2EE2                    __ramtop 0600                    __ptext0 2F5A  
                  __ptext1 2EDC                    __ptext2 2EF0                    __ptext3 2F02  
                  _display 2F02       end_of_initialization 2EEA  __size_of_init_ssd_control 0012  
      start_initialization 2EE2              ??_init_config 0001                __pbssCOMRAM 0008  
         _init_ssd_control 2EF0                   ?_display 0001        __end_of_init_config 2EE2  
                 __Hrparam 0000                   __Lrparam 0000                _init_config 2EDC  
         __size_of_display 0058              __size_of_main 00A6   __end_of_init_ssd_control 2F02  
