

Microchip Technology PIC18 LITE Macro Assembler V1.36 build -262312587 
                                                                                               Wed Jan  2 09:29:44 2019

Microchip Technology Omniscient Code Generator v1.36 (Free mode) build 201601150325
     1                           	processor	18F4580
     2                           	fnconf	rparam,??,?,0
     3                           	opt	pw 120
     4                           	opt	lm
     5                           	psect	cinit,global,reloc=2,class=CODE,delta=1
     6                           	psect	cstackCOMRAM,global,class=COMRAM,space=1,delta=1
     7                           	psect	text0,global,reloc=2,class=CODE,delta=1
     8                           	psect	text1,global,reloc=2,class=CODE,delta=1
     9                           	psect	intsave_regs,global,class=BIGRAM,space=1,delta=1
    10                           	psect	rparam,global,class=COMRAM,space=1,delta=1
    11  0000                     _ADCON1	set	4033
    12  0000                     _RB0	set	31752
    13  0000                     _TRISB0	set	31896
    14                           
    15                           ; #config settings
    16  0000                     
    17                           	psect	cinit
    18  002FB6                     __pcinit:
    19                           	opt stack 0
    20  002FB6                     start_initialization:
    21                           	opt stack 0
    22  002FB6                     __initialization:
    23                           	opt stack 0
    24  002FB6                     end_of_initialization:
    25                           	opt stack 0
    26  002FB6                     __end_of__initialization:
    27                           	opt stack 0
    28  002FB6  0100               	movlb	0
    29  002FB8  EFE3  F017         	goto	_main	;jump to C main() function
    30                           
    31                           	psect	cstackCOMRAM
    32  000001                     __pcstackCOMRAM:
    33                           	opt stack 0
    34  000001                     main@i:
    35                           	opt stack 0
    36                           
    37                           ; 2 bytes @ 0x0
    38  000001                     	ds	2
    39                           
    40 ;;
    41 ;;Main: autosize = 0, tempsize = 0, incstack = 0, save=0
    42 ;;
    43 ;; *************** function _main *****************
    44 ;; Defined at:
    45 ;;		line 12 in file "main.c"
    46 ;; Parameters:    Size  Location     Type
    47 ;;		None
    48 ;; Auto vars:     Size  Location     Type
    49 ;;  i               2    0[COMRAM] unsigned short 
    50 ;; Return value:  Size  Location     Type
    51 ;;                  1    wreg      void 
    52 ;; Registers used:
    53 ;;		wreg, status,2, status,0, cstack
    54 ;; Tracked objects:
    55 ;;		On entry : 0/0
    56 ;;		On exit  : 0/0
    57 ;;		Unchanged: 0/0
    58 ;; Data sizes:     COMRAM   BANK0   BANK1   BANK2   BANK3   BANK4   BANK5
    59 ;;      Params:         0       0       0       0       0       0       0
    60 ;;      Locals:         2       0       0       0       0       0       0
    61 ;;      Temps:          0       0       0       0       0       0       0
    62 ;;      Totals:         2       0       0       0       0       0       0
    63 ;;Total ram usage:        2 bytes
    64 ;; Hardware stack levels required when called:    1
    65 ;; This function calls:
    66 ;;		_init_config
    67 ;; This function is called by:
    68 ;;		Startup code after reset
    69 ;; This function uses a non-reentrant model
    70 ;;
    71                           
    72                           	psect	text0
    73  002FC6                     __ptext0:
    74                           	opt stack 0
    75  002FC6                     _main:
    76                           	opt stack 30
    77                           
    78                           ;main.c: 14: unsigned short i;
    79                           ;main.c: 16: init_config();
    80                           
    81                           ;incstack = 0
    82  002FC6  ECDE  F017         	call	_init_config	;wreg free
    83  002FCA                     l627:
    84                           
    85                           ;main.c: 19: {
    86                           ;main.c: 20: RB0 = 1;
    87  002FCA  8081               	bsf	3969,0,c	;volatile
    88                           
    89                           ;main.c: 21: for (i = 50000; i--; );
    90  002FCC  0EC3               	movlw	195
    91  002FCE  6E02               	movwf	main@i+1,c
    92  002FD0  0E50               	movlw	80
    93  002FD2  6E01               	movwf	main@i,c
    94  002FD4                     l631:
    95  002FD4  0601               	decf	main@i,f,c
    96  002FD6  A0D8               	btfss	status,0,c
    97  002FD8  0602               	decf	main@i+1,f,c
    98  002FDA  2801               	incf	main@i,w,c
    99  002FDC  E1FB               	bnz	l631
   100  002FDE  2802               	incf	main@i+1,w,c
   101  002FE0  A4D8               	btfss	status,2,c
   102  002FE2  D7F8               	goto	l631
   103                           
   104                           ;main.c: 23: RB0 = 0;
   105  002FE4  9081               	bcf	3969,0,c	;volatile
   106                           
   107                           ;main.c: 24: for (i = 50000; i--; );
   108  002FE6  0EC3               	movlw	195
   109  002FE8  6E02               	movwf	main@i+1,c
   110  002FEA  0E50               	movlw	80
   111  002FEC  6E01               	movwf	main@i,c
   112  002FEE                     l635:
   113  002FEE  0601               	decf	main@i,f,c
   114  002FF0  A0D8               	btfss	status,0,c
   115  002FF2  0602               	decf	main@i+1,f,c
   116  002FF4  2801               	incf	main@i,w,c
   117  002FF6  E1FB               	bnz	l635
   118  002FF8  2802               	incf	main@i+1,w,c
   119  002FFA  B4D8               	btfsc	status,2,c
   120  002FFC  D7E6               	goto	l627
   121  002FFE  D7F7               	goto	l635
   122  003000                     __end_of_main:
   123                           	opt stack 0
   124                           status	equ	0xFD8
   125                           
   126 ;; *************** function _init_config *****************
   127 ;; Defined at:
   128 ;;		line 3 in file "main.c"
   129 ;; Parameters:    Size  Location     Type
   130 ;;		None
   131 ;; Auto vars:     Size  Location     Type
   132 ;;		None
   133 ;; Return value:  Size  Location     Type
   134 ;;                  1    wreg      void 
   135 ;; Registers used:
   136 ;;		wreg, status,2
   137 ;; Tracked objects:
   138 ;;		On entry : 0/0
   139 ;;		On exit  : 0/0
   140 ;;		Unchanged: 0/0
   141 ;; Data sizes:     COMRAM   BANK0   BANK1   BANK2   BANK3   BANK4   BANK5
   142 ;;      Params:         0       0       0       0       0       0       0
   143 ;;      Locals:         0       0       0       0       0       0       0
   144 ;;      Temps:          0       0       0       0       0       0       0
   145 ;;      Totals:         0       0       0       0       0       0       0
   146 ;;Total ram usage:        0 bytes
   147 ;; Hardware stack levels used:    1
   148 ;; This function calls:
   149 ;;		Nothing
   150 ;; This function is called by:
   151 ;;		_main
   152 ;; This function uses a non-reentrant model
   153 ;;
   154                           
   155                           	psect	text1
   156  002FBC                     __ptext1:
   157                           	opt stack 0
   158  002FBC                     _init_config:
   159                           	opt stack 30
   160                           
   161                           ;main.c: 5: ADCON1 = 0x0F;
   162                           
   163                           ;incstack = 0
   164  002FBC  0E0F               	movlw	15
   165  002FBE  6EC1               	movwf	4033,c	;volatile
   166                           
   167                           ;main.c: 7: RB0 = 0;
   168  002FC0  9081               	bcf	3969,0,c	;volatile
   169                           
   170                           ;main.c: 9: TRISB0 = 0;
   171  002FC2  9093               	bcf	3987,0,c	;volatile
   172  002FC4  0012               	return		;funcret
   173  002FC6                     __end_of_init_config:
   174                           	opt stack 0
   175  0000                     status	equ	0xFD8
   176                           status	equ	0xFD8
   177                           
   178                           	psect	rparam
   179  0000                     status	equ	0xFD8


Data Sizes:
    Strings     0
    Constant    0
    Data        0
    BSS         0
    Persistent  0
    Stack       0

Auto Spaces:
    Space          Size  Autos    Used
    COMRAM           95      2       2
    BANK0           160      0       0
    BANK1           256      0       0
    BANK2           256      0       0
    BANK3           256      0       0
    BANK4           256      0       0
    BANK5           256      0       0

Pointer List with Targets:

    None.

Critical Paths under _main in COMRAM

    None.

Critical Paths under _main in BANK0

    None.

Critical Paths under _main in BANK1

    None.

Critical Paths under _main in BANK2

    None.

Critical Paths under _main in BANK3

    None.

Critical Paths under _main in BANK4

    None.

Critical Paths under _main in BANK5

    None.

Call Graph Tables:

 ---------------------------------------------------------------------------------
 (Depth) Function   	        Calls       Base Space   Used Autos Params    Refs
 ---------------------------------------------------------------------------------
 (0) _main                                                 2     2      0      30
                                              0 COMRAM     2     2      0
                        _init_config
 ---------------------------------------------------------------------------------
 (1) _init_config                                          0     0      0       0
 ---------------------------------------------------------------------------------
 Estimated maximum stack depth 1
 ---------------------------------------------------------------------------------

 Call Graph Graphs:

 _main (ROOT)
   _init_config

 Address spaces:
Name               Size   Autos  Total    Cost      Usage
BITCOMRAM           5F      0       0       0        0.0%
EEDATA             100      0       0       0        0.0%
NULL                 0      0       0       0        0.0%
CODE                 0      0       0       0        0.0%
COMRAM              5F      2       2       1        2.1%
STACK                0      0       0       2        0.0%
ABS                  0      0       0       3        0.0%
BITBANK0            A0      0       0       4        0.0%
BANK0               A0      0       0       5        0.0%
BITBANK1           100      0       0       6        0.0%
BANK1              100      0       0       7        0.0%
BITBANK2           100      0       0       8        0.0%
BANK2              100      0       0       9        0.0%
BITBANK3           100      0       0      10        0.0%
BANK3              100      0       0      11        0.0%
BITBANK4           100      0       0      12        0.0%
BANK4              100      0       0      13        0.0%
BITBANK5           100      0       0      14        0.0%
BANK5              100      0       0      15        0.0%
BIGRAM             5FF      0       0      16        0.0%
DATA                 0      0       0      17        0.0%
BITSFR_3             0      0       0      40        0.0%
SFR_3                0      0       0      40        0.0%
BITSFR_2             0      0       0      40        0.0%
SFR_2                0      0       0      40        0.0%
BITSFR_1             0      0       0      40        0.0%
SFR_1                0      0       0      40        0.0%
BITSFR               0      0       0      40        0.0%
SFR                  0      0       0      40        0.0%


Microchip Technology PIC18 Macro Assembler V1.36 build -262312587 
Symbol Table                                                                                   Wed Jan  2 09:29:44 2019

            __CFG_OSC$XT 000000                      l631 2FD4                      l635 2FEE  
                    l627 2FCA                      _RB0 007C08             __CFG_LVP$OFF 000000  
           __CFG_WDT$OFF 000000                     _main 2FC6                     start 0000  
           ___param_bank 000010                    ?_main 0001             ?_init_config 0001  
                  main@i 0001           __CFG_BOREN$OFF 000000                    status 000FD8  
        __initialization 2FB6             __end_of_main 3000                   ??_main 0001  
          __activetblptr 000000                   _ADCON1 000FC1                   _TRISB0 007C98  
             __accesstop 0060  __end_of__initialization 2FB6          __CFG_PBADEN$OFF 000000  
          ___rparam_used 000001           __pcstackCOMRAM 0001     __size_of_init_config 000A  
                __Hparam 0000                  __Lparam 0000                  __pcinit 2FB6  
                __ramtop 0600                  __ptext0 2FC6                  __ptext1 2FBC  
   end_of_initialization 2FB6      start_initialization 2FB6            ??_init_config 0001  
    __end_of_init_config 2FC6                 __Hrparam 0000                 __Lrparam 0000  
            _init_config 2FBC            __size_of_main 003A  
